

=== Test Results
TEST NAME                                                                                         OUTCOME  MESSAGE                                                                                                                                                                                                                                                                      RUNTIME (MS)
────────────────────────────────────────────────────────────────────────────────────────────────  ───────  ───────────────────────────────────────────────────────────────────────────────────────────────────────────────────────────────────────────────────────────────────────────────────────────────────────────────────────────────────────────────────────────────────────────  ────────────
CVMAMemberProfileControllerTest.testGetMemberProfile_Success                                      Fail     System.DmlException: Insert failed. First exception on row 0; first error: FIELD_INTEGRITY_EXCEPTION, only portal users can be associated to a contact: []                                                                                                                   
                                                                                                           Class.CVMAMemberProfileControllerTest.setupTestData: line 54, column 1                                                                                                                                                                                                                   
CVMAMemberProfileControllerTest.testGetProfilePermissions                                         Fail     System.DmlException: Insert failed. First exception on row 0; first error: FIELD_INTEGRITY_EXCEPTION, only portal users can be associated to a contact: []                                                                                                                   
                                                                                                           Class.CVMAMemberProfileControllerTest.setupTestData: line 54, column 1                                                                                                                                                                                                                   
CVMAMemberProfileControllerTest.testInvalidJsonHandling                                           Fail     System.DmlException: Insert failed. First exception on row 0; first error: FIELD_INTEGRITY_EXCEPTION, only portal users can be associated to a contact: []                                                                                                                   
                                                                                                           Class.CVMAMemberProfileControllerTest.setupTestData: line 54, column 1                                                                                                                                                                                                                   
CVMAMemberProfileControllerTest.testUpdateMemberProfile_SecurityError_WrongUser                   Fail     System.DmlException: Insert failed. First exception on row 0; first error: FIELD_INTEGRITY_EXCEPTION, only portal users can be associated to a contact: []                                                                                                                   
                                                                                                           Class.CVMAMemberProfileControllerTest.setupTestData: line 54, column 1                                                                                                                                                                                                                   
CVMAMemberProfileControllerTest.testUpdateMemberProfile_Success                                   Fail     System.DmlException: Insert failed. First exception on row 0; first error: FIELD_INTEGRITY_EXCEPTION, only portal users can be associated to a contact: []                                                                                                                   
                                                                                                           Class.CVMAMemberProfileControllerTest.setupTestData: line 54, column 1                                                                                                                                                                                                                   
CVMAMemberProfileControllerTest.testUpdateMemberProfile_ValidationError_InvalidEmail              Fail     System.DmlException: Insert failed. First exception on row 0; first error: FIELD_INTEGRITY_EXCEPTION, only portal users can be associated to a contact: []                                                                                                                   
                                                                                                           Class.CVMAMemberProfileControllerTest.setupTestData: line 54, column 1                                                                                                                                                                                                                   
CVMAMemberProfileControllerTest.testUpdateMemberProfile_ValidationError_RequiredFields            Fail     System.DmlException: Insert failed. First exception on row 0; first error: FIELD_INTEGRITY_EXCEPTION, only portal users can be associated to a contact: []                                                                                                                   
                                                                                                           Class.CVMAMemberProfileControllerTest.setupTestData: line 54, column 1                                                                                                                                                                                                                   
CVMAMemberProfileControllerTest.testUserWithoutContact                                            Fail     System.DmlException: Insert failed. First exception on row 0; first error: FIELD_INTEGRITY_EXCEPTION, only portal users can be associated to a contact: []                                                                                                                   
                                                                                                           Class.CVMAMemberProfileControllerTest.setupTestData: line 54, column 1                                                                                                                                                                                                                   
SiteLoginControllerTest.testSiteLoginController                                                   Pass                                                                                                                                                                                                                                                                                  20          
MicrobatchSelfRegControllerTest.testMicrobatchSelfRegController                                   Pass                                                                                                                                                                                                                                                                                  28          
CommunitiesSelfRegControllerTest.testCommunitiesSelfRegController                                 Pass                                                                                                                                                                                                                                                                                  22          
CommunitiesSelfRegConfirmControllerTest.testCommunitiesSelfRegConfirmController                   Pass                                                                                                                                                                                                                                                                                  43          
CVMATestDataFactoryTest.testAccountBuilder                                                        Pass                                                                                                                                                                                                                                                                                  24          
CVMATestDataFactoryTest.testBasicTestDataSetup                                                    Fail     System.DmlException: Insert failed. First exception on row 0; first error: DUPLICATES_DETECTED, Use one of these records?: []                                                                                                                                                
                                                                                                           Class.CVMATestDataFactory.ContactBuilder.create: line 130, column 1                                                                                                                                                                                                          
                                                                                                           Class.CVMATestDataFactory.setupBasicTestData: line 453, column 1                                                                                                                                                                                                             
                                                                                                           Class.CVMATestDataFactoryTest.testBasicTestDataSetup: line 192, column 1                                                                                                                                                                                                                 
CVMATestDataFactoryTest.testBulkDataCreation                                                      Pass                                                                                                                                                                                                                                                                                  14          
CVMATestDataFactoryTest.testContactBuilder                                                        Pass                                                                                                                                                                                                                                                                                  12          
CVMATestDataFactoryTest.testContactWithMembershipStatuses                                         Pass                                                                                                                                                                                                                                                                                  12          
CVMATestDataFactoryTest.testCreateAndInsertMethods                                                Fail     System.DmlException: Insert failed. First exception on row 0; first error: FIELD_CUSTOM_VALIDATION_EXCEPTION, Failed to create Account for Contact Test2 Member2. Use one of these records?: []                                                                              
                                                                                                           Class.CVMATestDataFactory.createAndInsertContacts: line 290, column 1                                                                                                                                                                                                        
                                                                                                           Class.CVMATestDataFactoryTest.testCreateAndInsertMethods: line 230, column 1                                                                                                                                                                                                             
CVMATestDataFactoryTest.testDataUniqueness                                                        Pass                                                                                                                                                                                                                                                                                  14          
CVMATestDataFactoryTest.testErrorLogCreation                                                      Pass                                                                                                                                                                                                                                                                                  15          
CVMATestDataFactoryTest.testMembersWithVariousStatuses                                            Pass                                                                                                                                                                                                                                                                                  13          
CVMATestDataFactoryTest.testUserBuilder                                                           Pass                                                                                                                                                                                                                                                                                  23          
SiteRegisterControllerTest.testRegistration                                                       Pass                                                                                                                                                                                                                                                                                  50          
MyProfilePageControllerTest.testSave                                                              Pass                                                                                                                                                                                                                                                                                  556         
CVMASimpleGuestUserTest.testCaseObjectAccess                                                      Fail     System.AssertException: Assertion Failed: Case should be accessible for guest user                                                                                                                                                                                           
                                                                                                           Class.CVMASimpleGuestUserTest.testCaseObjectAccess: line 88, column 1                                                                                                                                                                                                                    
CVMASimpleGuestUserTest.testCaseQuery                                                             Pass                                                                                                                                                                                                                                                                                  417         
CVMASimpleGuestUserTest.testEventObjectAccess                                                     Fail     System.AssertException: Assertion Failed: Event should be accessible for guest user                                                                                                                                                                                          
                                                                                                           Class.CVMASimpleGuestUserTest.testEventObjectAccess: line 67, column 1                                                                                                                                                                                                                   
CVMASimpleGuestUserTest.testEventQuery                                                            Pass                                                                                                                                                                                                                                                                                  451         
CVMASimpleGuestUserTest.testGuestUserProfileExists                                                Pass                                                                                                                                                                                                                                                                                  18          
CVMASimpleGuestUserTest.testPermissionSetExists                                                   Pass                                                                                                                                                                                                                                                                                  34          
CVMASimpleGuestUserTest.testRelatedObjectAccess                                                   Pass                                                                                                                                                                                                                                                                                  409         
CVMASimpleGuestUserTest.testSchedulerAppAccess                                                    Fail     System.AssertException: Assertion Failed: ServiceResource should be accessible for guest user                                                                                                                                                                                
                                                                                                           Class.CVMASimpleGuestUserTest.testSchedulerAppAccess: line 237, column 1                                                                                                                                                                                                                 
CVMASimpleGuestUserTest.testServiceAppointmentObjectAccess                                        Fail     System.AssertException: Assertion Failed: ServiceAppointment should be accessible for guest user                                                                                                                                                                             
                                                                                                           Class.CVMASimpleGuestUserTest.testServiceAppointmentObjectAccess: line 44, column 1                                                                                                                                                                                                      
CVMASimpleGuestUserTest.testServiceAppointmentQuery                                               Pass                                                                                                                                                                                                                                                                                  380         
ChangePasswordControllerTest.testChangePasswordController                                         Pass                                                                                                                                                                                                                                                                                  14          
QueryControllerMVPTest.testCountWithGroupBy                                                       Fail     System.DmlException: Insert failed. First exception on row 0; first error: REQUIRED_FIELD_MISSING, Required fields are missing: [Level__c, Membership_Id__c]: [Level__c, Membership_Id__c]                                                                                   
                                                                                                           Class.QueryControllerMVPTest.setupTestData: line 36, column 1                                                                                                                                                                                                                            
QueryControllerMVPTest.testDefaultLimitAddition                                                   Fail     System.DmlException: Insert failed. First exception on row 0; first error: REQUIRED_FIELD_MISSING, Required fields are missing: [Level__c, Membership_Id__c]: [Level__c, Membership_Id__c]                                                                                   
                                                                                                           Class.QueryControllerMVPTest.setupTestData: line 36, column 1                                                                                                                                                                                                                            
QueryControllerMVPTest.testErrorHandling_InvalidSyntax                                            Fail     System.DmlException: Insert failed. First exception on row 0; first error: REQUIRED_FIELD_MISSING, Required fields are missing: [Level__c, Membership_Id__c]: [Level__c, Membership_Id__c]                                                                                   
                                                                                                           Class.QueryControllerMVPTest.setupTestData: line 36, column 1                                                                                                                                                                                                                            
QueryControllerMVPTest.testExecuteMultipleQueries_SecurityViolation                               Fail     System.DmlException: Insert failed. First exception on row 0; first error: REQUIRED_FIELD_MISSING, Required fields are missing: [Level__c, Membership_Id__c]: [Level__c, Membership_Id__c]                                                                                   
                                                                                                           Class.QueryControllerMVPTest.setupTestData: line 36, column 1                                                                                                                                                                                                                            
QueryControllerMVPTest.testExecuteMultipleQueries_SubsequentSecurityViolations                    Fail     System.DmlException: Insert failed. First exception on row 0; first error: REQUIRED_FIELD_MISSING, Required fields are missing: [Level__c, Membership_Id__c]: [Level__c, Membership_Id__c]                                                                                   
                                                                                                           Class.QueryControllerMVPTest.setupTestData: line 36, column 1                                                                                                                                                                                                                            
QueryControllerMVPTest.testExecuteMultipleQueries_Success                                         Fail     System.DmlException: Insert failed. First exception on row 0; first error: REQUIRED_FIELD_MISSING, Required fields are missing: [Level__c, Membership_Id__c]: [Level__c, Membership_Id__c]                                                                                   
                                                                                                           Class.QueryControllerMVPTest.setupTestData: line 36, column 1                                                                                                                                                                                                                            
QueryControllerMVPTest.testExecuteQuery_Success                                                   Fail     System.DmlException: Insert failed. First exception on row 0; first error: REQUIRED_FIELD_MISSING, Required fields are missing: [Level__c, Membership_Id__c]: [Level__c, Membership_Id__c]                                                                                   
                                                                                                           Class.QueryControllerMVPTest.setupTestData: line 36, column 1                                                                                                                                                                                                                            
QueryControllerMVPTest.testExecutionTimeTracking                                                  Fail     System.DmlException: Insert failed. First exception on row 0; first error: REQUIRED_FIELD_MISSING, Required fields are missing: [Level__c, Membership_Id__c]: [Level__c, Membership_Id__c]                                                                                   
                                                                                                           Class.QueryControllerMVPTest.setupTestData: line 36, column 1                                                                                                                                                                                                                            
QueryControllerMVPTest.testFieldAccessValidation                                                  Fail     System.DmlException: Insert failed. First exception on row 0; first error: REQUIRED_FIELD_MISSING, Required fields are missing: [Level__c, Membership_Id__c]: [Level__c, Membership_Id__c]                                                                                   
                                                                                                           Class.QueryControllerMVPTest.setupTestData: line 36, column 1                                                                                                                                                                                                                            
QueryControllerMVPTest.testGetBasicSchemaInfo                                                     Fail     System.DmlException: Insert failed. First exception on row 0; first error: REQUIRED_FIELD_MISSING, Required fields are missing: [Level__c, Membership_Id__c]: [Level__c, Membership_Id__c]                                                                                   
                                                                                                           Class.QueryControllerMVPTest.setupTestData: line 36, column 1                                                                                                                                                                                                                            
QueryControllerMVPTest.testInputValidation_AllBlankQueries                                        Fail     System.DmlException: Insert failed. First exception on row 0; first error: REQUIRED_FIELD_MISSING, Required fields are missing: [Level__c, Membership_Id__c]: [Level__c, Membership_Id__c]                                                                                   
                                                                                                           Class.QueryControllerMVPTest.setupTestData: line 36, column 1                                                                                                                                                                                                                            
QueryControllerMVPTest.testInputValidation_BlankQueries                                           Fail     System.DmlException: Insert failed. First exception on row 0; first error: REQUIRED_FIELD_MISSING, Required fields are missing: [Level__c, Membership_Id__c]: [Level__c, Membership_Id__c]                                                                                   
                                                                                                           Class.QueryControllerMVPTest.setupTestData: line 36, column 1                                                                                                                                                                                                                            
QueryControllerMVPTest.testInputValidation_BlankSingleQuery                                       Fail     System.DmlException: Insert failed. First exception on row 0; first error: REQUIRED_FIELD_MISSING, Required fields are missing: [Level__c, Membership_Id__c]: [Level__c, Membership_Id__c]                                                                                   
                                                                                                           Class.QueryControllerMVPTest.setupTestData: line 36, column 1                                                                                                                                                                                                                            
QueryControllerMVPTest.testInputValidation_EmptyQueries                                           Fail     System.DmlException: Insert failed. First exception on row 0; first error: REQUIRED_FIELD_MISSING, Required fields are missing: [Level__c, Membership_Id__c]: [Level__c, Membership_Id__c]                                                                                   
                                                                                                           Class.QueryControllerMVPTest.setupTestData: line 36, column 1                                                                                                                                                                                                                            
QueryControllerMVPTest.testInputValidation_NullQueries                                            Fail     System.DmlException: Insert failed. First exception on row 0; first error: REQUIRED_FIELD_MISSING, Required fields are missing: [Level__c, Membership_Id__c]: [Level__c, Membership_Id__c]                                                                                   
                                                                                                           Class.QueryControllerMVPTest.setupTestData: line 36, column 1                                                                                                                                                                                                                            
QueryControllerMVPTest.testInputValidation_TooManyQueries                                         Fail     System.DmlException: Insert failed. First exception on row 0; first error: REQUIRED_FIELD_MISSING, Required fields are missing: [Level__c, Membership_Id__c]: [Level__c, Membership_Id__c]                                                                                   
                                                                                                           Class.QueryControllerMVPTest.setupTestData: line 36, column 1                                                                                                                                                                                                                            
QueryControllerMVPTest.testLargeResultSetHandling                                                 Fail     System.DmlException: Insert failed. First exception on row 0; first error: REQUIRED_FIELD_MISSING, Required fields are missing: [Level__c, Membership_Id__c]: [Level__c, Membership_Id__c]                                                                                   
                                                                                                           Class.QueryControllerMVPTest.setupTestData: line 36, column 1                                                                                                                                                                                                                            
QueryControllerMVPTest.testMixedSuccessFailure                                                    Fail     System.DmlException: Insert failed. First exception on row 0; first error: REQUIRED_FIELD_MISSING, Required fields are missing: [Level__c, Membership_Id__c]: [Level__c, Membership_Id__c]                                                                                   
                                                                                                           Class.QueryControllerMVPTest.setupTestData: line 36, column 1                                                                                                                                                                                                                            
QueryControllerMVPTest.testPerformanceValidation_CountWithoutGroupBy                              Fail     System.DmlException: Insert failed. First exception on row 0; first error: REQUIRED_FIELD_MISSING, Required fields are missing: [Level__c, Membership_Id__c]: [Level__c, Membership_Id__c]                                                                                   
                                                                                                           Class.QueryControllerMVPTest.setupTestData: line 36, column 1                                                                                                                                                                                                                            
QueryControllerMVPTest.testPerformanceValidation_ExcessiveLimit                                   Fail     System.DmlException: Insert failed. First exception on row 0; first error: REQUIRED_FIELD_MISSING, Required fields are missing: [Level__c, Membership_Id__c]: [Level__c, Membership_Id__c]                                                                                   
                                                                                                           Class.QueryControllerMVPTest.setupTestData: line 36, column 1                                                                                                                                                                                                                            
QueryControllerMVPTest.testPerformanceValidation_TooManyRelationships                             Fail     System.DmlException: Insert failed. First exception on row 0; first error: REQUIRED_FIELD_MISSING, Required fields are missing: [Level__c, Membership_Id__c]: [Level__c, Membership_Id__c]                                                                                   
                                                                                                           Class.QueryControllerMVPTest.setupTestData: line 36, column 1                                                                                                                                                                                                                            
QueryControllerMVPTest.testQueryIndexTracking                                                     Fail     System.DmlException: Insert failed. First exception on row 0; first error: REQUIRED_FIELD_MISSING, Required fields are missing: [Level__c, Membership_Id__c]: [Level__c, Membership_Id__c]                                                                                   
                                                                                                           Class.QueryControllerMVPTest.setupTestData: line 36, column 1                                                                                                                                                                                                                            
QueryControllerMVPTest.testSecurityValidation_DeleteVsIsDeleted                                   Fail     System.DmlException: Insert failed. First exception on row 0; first error: REQUIRED_FIELD_MISSING, Required fields are missing: [Level__c, Membership_Id__c]: [Level__c, Membership_Id__c]                                                                                   
                                                                                                           Class.QueryControllerMVPTest.setupTestData: line 36, column 1                                                                                                                                                                                                                            
QueryControllerMVPTest.testSecurityValidation_ForUpdate                                           Fail     System.DmlException: Insert failed. First exception on row 0; first error: REQUIRED_FIELD_MISSING, Required fields are missing: [Level__c, Membership_Id__c]: [Level__c, Membership_Id__c]                                                                                   
                                                                                                           Class.QueryControllerMVPTest.setupTestData: line 36, column 1                                                                                                                                                                                                                            
QueryControllerMVPTest.testSecurityValidation_ForbiddenOperations                                 Fail     System.DmlException: Insert failed. First exception on row 0; first error: REQUIRED_FIELD_MISSING, Required fields are missing: [Level__c, Membership_Id__c]: [Level__c, Membership_Id__c]                                                                                   
                                                                                                           Class.QueryControllerMVPTest.setupTestData: line 36, column 1                                                                                                                                                                                                                            
QueryControllerMVPTest.testSecurityValidation_LimitAllCustomObjects                               Fail     System.DmlException: Insert failed. First exception on row 0; first error: REQUIRED_FIELD_MISSING, Required fields are missing: [Level__c, Membership_Id__c]: [Level__c, Membership_Id__c]                                                                                   
                                                                                                           Class.QueryControllerMVPTest.setupTestData: line 36, column 1                                                                                                                                                                                                                            
QueryControllerMVPTest.testSecurityValidation_NonSelectQuery                                      Fail     System.DmlException: Insert failed. First exception on row 0; first error: REQUIRED_FIELD_MISSING, Required fields are missing: [Level__c, Membership_Id__c]: [Level__c, Membership_Id__c]                                                                                   
                                                                                                           Class.QueryControllerMVPTest.setupTestData: line 36, column 1                                                                                                                                                                                                                            
QueryControllerMVPTest.testSerializationComplexQueries                                            Fail     System.DmlException: Insert failed. First exception on row 0; first error: REQUIRED_FIELD_MISSING, Required fields are missing: [Level__c, Membership_Id__c]: [Level__c, Membership_Id__c]                                                                                   
                                                                                                           Class.QueryControllerMVPTest.setupTestData: line 36, column 1                                                                                                                                                                                                                            
QueryControllerMVPTest.testSerializationErrorHandling                                             Fail     System.DmlException: Insert failed. First exception on row 0; first error: REQUIRED_FIELD_MISSING, Required fields are missing: [Level__c, Membership_Id__c]: [Level__c, Membership_Id__c]                                                                                   
                                                                                                           Class.QueryControllerMVPTest.setupTestData: line 36, column 1                                                                                                                                                                                                                            
QueryControllerMVPTest.testUserFriendlyErrorMessages                                              Fail     System.DmlException: Insert failed. First exception on row 0; first error: REQUIRED_FIELD_MISSING, Required fields are missing: [Level__c, Membership_Id__c]: [Level__c, Membership_Id__c]                                                                                   
                                                                                                           Class.QueryControllerMVPTest.setupTestData: line 36, column 1                                                                                                                                                                                                                            
CommunitiesLandingControllerTest.testCommunitiesLandingController                                 Pass                                                                                                                                                                                                                                                                                  38          
CVMAGuestUserSchedulerTest.testConstantsAndEdgeCases                                              Pass                                                                                                                                                                                                                                                                                  349         
CVMAGuestUserSchedulerTest.testGuestUserPermissionHelper_ObjectAccess                             Fail     System.AssertException: Assertion Failed: Should have some accessible objects                                                                                                                                                                                                
                                                                                                           Class.CVMAGuestUserSchedulerTest.testGuestUserPermissionHelper_ObjectAccess: line 88, column 1                                                                                                                                                                                           
CVMAGuestUserSchedulerTest.testGuestUserPermissionHelper_ProfileValidation                        Pass                                                                                                                                                                                                                                                                                  159         
CVMAGuestUserSchedulerTest.testSchedulerBookingHelper_AppointmentCancellation                     Pass                                                                                                                                                                                                                                                                                  168         
CVMAGuestUserSchedulerTest.testSchedulerBookingHelper_AppointmentCreation                         Fail     CVMASchedulerBookingHelper.CVMASchedulerException: Failed to create appointment: Insert failed. First exception on row 0; first error: INSUFFICIENT_ACCESS_ON_CROSS_REFERENCE_ENTITY, insufficient access rights on cross-reference id: 08qbm0000003m9m: []                  
                                                                                                           Class.CVMASchedulerBookingHelper.createGuestAppointment: line 32, column 1                                                                                                                                                                                                   
                                                                                                           Class.CVMAGuestUserSchedulerTest.testSchedulerBookingHelper_AppointmentCreation: line 169, column 1                                                                                                                                                                                      
CVMAGuestUserSchedulerTest.testSchedulerBookingHelper_AppointmentUpdates                          Pass                                                                                                                                                                                                                                                                                  92          
CVMAGuestUserSchedulerTest.testSchedulerBookingHelper_AvailabilityChecking                        Pass                                                                                                                                                                                                                                                                                  124         
CVMAGuestUserSchedulerTest.testSchedulerBookingHelper_DurationAndLimits                           Pass                                                                                                                                                                                                                                                                                  6           
CVMAGuestUserSchedulerTest.testSchedulerBookingHelper_GuestAppointments                           Pass                                                                                                                                                                                                                                                                                  99          
CVMAGuestUserSchedulerTest.testSchedulerBookingHelper_InvalidRequests                             Pass                                                                                                                                                                                                                                                                                  5           
CVMAGuestUserSchedulerTest.testSchedulerBookingHelper_RequestValidation                           Pass                                                                                                                                                                                                                                                                                  5           
CVMAGuestUserSchedulerAccessTest.testGuestUserCaseAccess                                          Fail     System.AssertException: Assertion Failed: Guest user should see 1 public Case: Expected: 1, Actual: 0                                                                                                                                                                        
                                                                                                           Class.CVMAGuestUserSchedulerAccessTest.testGuestUserCaseAccess: line 204, column 1                                                                                                                                                                                                       
CVMAGuestUserSchedulerAccessTest.testGuestUserEventAccess                                         Fail     System.AssertException: Assertion Failed: Guest user should see 1 public Event: Expected: 1, Actual: 0                                                                                                                                                                       
                                                                                                           Class.CVMAGuestUserSchedulerAccessTest.testGuestUserEventAccess: line 242, column 1                                                                                                                                                                                                      
CVMAGuestUserSchedulerAccessTest.testGuestUserProfilePermissions                                  Fail     System.AssertException: Assertion Failed: ServiceAppointment should be createable for guest user                                                                                                                                                                             
                                                                                                           Class.CVMAGuestUserSchedulerAccessTest.testGuestUserProfilePermissions: line 325, column 1                                                                                                                                                                                               
CVMAGuestUserSchedulerAccessTest.testGuestUserServiceAppointmentAccess                            Fail     System.AssertException: Assertion Failed: Guest user should see 1 non-canceled Service Appointment: Expected: 1, Actual: 0                                                                                                                                                   
                                                                                                           Class.CVMAGuestUserSchedulerAccessTest.testGuestUserServiceAppointmentAccess: line 149, column 1                                                                                                                                                                                         
CVMAGuestUserSchedulerAccessTest.testSharingRulesEffectiveness                                    Pass                                                                                                                                                                                                                                                                                  496         
CommunitiesLoginControllerTest.testCommunitiesLoginController                                     Pass                                                                                                                                                                                                                                                                                  30          
CVMAMembershipValidationTest.testEdgeCases                                                        Pass                                                                                                                                                                                                                                                                                  1284        
CVMAMembershipValidationTest.testInvalidLevelMembershipMismatch                                   Pass                                                                                                                                                                                                                                                                                  138         
CVMAMembershipValidationTest.testInvalidMembershipFormat                                          Pass                                                                                                                                                                                                                                                                                  160         
CVMAMembershipValidationTest.testUpdateValidation                                                 Pass                                                                                                                                                                                                                                                                                  556         
CVMAMembershipValidationTest.testValidLengthCombinations                                          Pass                                                                                                                                                                                                                                                                                  428         
CVMAMembershipValidationTest.testValidMembershipCombinations                                      Pass                                                                                                                                                                                                                                                                                  432         
CVMAValidationDebugTest.debugValidationError                                                      Pass                                                                                                                                                                                                                                                                                  709         
CVMAOfficerDashboardControllerTest.testCSVEscaping                                                Fail     System.DmlException: Insert failed. First exception on row 0; first error: FIELD_INTEGRITY_EXCEPTION, only portal users can be associated to a contact: []                                                                                                                   
                                                                                                           Class.CVMAOfficerDashboardControllerTest.setupTestData: line 108, column 1                                                                                                                                                                                                               
CVMAOfficerDashboardControllerTest.testEmailGeneration                                            Fail     System.DmlException: Insert failed. First exception on row 0; first error: FIELD_INTEGRITY_EXCEPTION, only portal users can be associated to a contact: []                                                                                                                   
                                                                                                           Class.CVMAOfficerDashboardControllerTest.setupTestData: line 108, column 1                                                                                                                                                                                                               
CVMAOfficerDashboardControllerTest.testEmptyMemberList                                            Fail     System.DmlException: Insert failed. First exception on row 0; first error: FIELD_INTEGRITY_EXCEPTION, only portal users can be associated to a contact: []                                                                                                                   
                                                                                                           Class.CVMAOfficerDashboardControllerTest.setupTestData: line 108, column 1                                                                                                                                                                                                               
CVMAOfficerDashboardControllerTest.testExportMemberData_NonOfficerAccess                          Fail     System.DmlException: Insert failed. First exception on row 0; first error: FIELD_INTEGRITY_EXCEPTION, only portal users can be associated to a contact: []                                                                                                                   
                                                                                                           Class.CVMAOfficerDashboardControllerTest.setupTestData: line 108, column 1                                                                                                                                                                                                               
CVMAOfficerDashboardControllerTest.testExportMemberData_Success                                   Fail     System.DmlException: Insert failed. First exception on row 0; first error: FIELD_INTEGRITY_EXCEPTION, only portal users can be associated to a contact: []                                                                                                                   
                                                                                                           Class.CVMAOfficerDashboardControllerTest.setupTestData: line 108, column 1                                                                                                                                                                                                               
CVMAOfficerDashboardControllerTest.testGetMemberDashboardData_NonOfficerAccess                    Fail     System.DmlException: Insert failed. First exception on row 0; first error: FIELD_INTEGRITY_EXCEPTION, only portal users can be associated to a contact: []                                                                                                                   
                                                                                                           Class.CVMAOfficerDashboardControllerTest.setupTestData: line 108, column 1                                                                                                                                                                                                               
CVMAOfficerDashboardControllerTest.testGetMemberDashboardData_OfficerSuccess                      Fail     System.DmlException: Insert failed. First exception on row 0; first error: FIELD_INTEGRITY_EXCEPTION, only portal users can be associated to a contact: []                                                                                                                   
                                                                                                           Class.CVMAOfficerDashboardControllerTest.setupTestData: line 108, column 1                                                                                                                                                                                                               
CVMAOfficerDashboardControllerTest.testMemberStatusCalculation                                    Fail     System.DmlException: Insert failed. First exception on row 0; first error: FIELD_INTEGRITY_EXCEPTION, only portal users can be associated to a contact: []                                                                                                                   
                                                                                                           Class.CVMAOfficerDashboardControllerTest.setupTestData: line 108, column 1                                                                                                                                                                                                               
CVMAOfficerDashboardControllerTest.testSendRenewalReminders_NonOfficerAccess                      Fail     System.DmlException: Insert failed. First exception on row 0; first error: FIELD_INTEGRITY_EXCEPTION, only portal users can be associated to a contact: []                                                                                                                   
                                                                                                           Class.CVMAOfficerDashboardControllerTest.setupTestData: line 108, column 1                                                                                                                                                                                                               
CVMAOfficerDashboardControllerTest.testSendRenewalReminders_Success                               Fail     System.DmlException: Insert failed. First exception on row 0; first error: FIELD_INTEGRITY_EXCEPTION, only portal users can be associated to a contact: []                                                                                                                   
                                                                                                           Class.CVMAOfficerDashboardControllerTest.setupTestData: line 108, column 1                                                                                                                                                                                                               
MyIterableTest.testIterableForLoop                                                                Pass                                                                                                                                                                                                                                                                                  20          
LightningLoginFormControllerTest.LightningLoginFormControllerInstantiation                        Pass                                                                                                                                                                                                                                                                                  21          
LightningLoginFormControllerTest.testAuthConfig                                                   Pass                                                                                                                                                                                                                                                                                  21          
LightningLoginFormControllerTest.testGetSelfRegistrationURL                                       Pass                                                                                                                                                                                                                                                                                  8           
LightningLoginFormControllerTest.testIsSelfRegistrationEnabled                                    Pass                                                                                                                                                                                                                                                                                  7           
LightningLoginFormControllerTest.testIsUsernamePasswordEnabled                                    Pass                                                                                                                                                                                                                                                                                  16          
CVMAMembershipApplicationControllerTest.testCheckApplicationStatus_Found                          Fail     System.DmlException: Update failed. First exception on row 0 with id 005bm00000FpnXVAAZ; first error: UNKNOWN_EXCEPTION, You can't create a contact for this user because the org doesn't have the necessary permissions. Contact Salesforce Customer Support for help.: []  
                                                                                                           Class.CVMAMembershipApplicationControllerTest.setupTestData: line 49, column 1                                                                                                                                                                                                           
CVMAMembershipApplicationControllerTest.testCheckApplicationStatus_NotFound                       Fail     System.DmlException: Update failed. First exception on row 0 with id 005bm00000FpnXVAAZ; first error: UNKNOWN_EXCEPTION, You can't create a contact for this user because the org doesn't have the necessary permissions. Contact Salesforce Customer Support for help.: []  
                                                                                                           Class.CVMAMembershipApplicationControllerTest.setupTestData: line 49, column 1                                                                                                                                                                                                           
CVMAMembershipApplicationControllerTest.testGetPendingApplications_NonOfficerAccess               Fail     System.DmlException: Update failed. First exception on row 0 with id 005bm00000FpnXVAAZ; first error: UNKNOWN_EXCEPTION, You can't create a contact for this user because the org doesn't have the necessary permissions. Contact Salesforce Customer Support for help.: []  
                                                                                                           Class.CVMAMembershipApplicationControllerTest.setupTestData: line 49, column 1                                                                                                                                                                                                           
CVMAMembershipApplicationControllerTest.testGetPendingApplications_OfficerAccess                  Fail     System.DmlException: Update failed. First exception on row 0 with id 005bm00000FpnXVAAZ; first error: UNKNOWN_EXCEPTION, You can't create a contact for this user because the org doesn't have the necessary permissions. Contact Salesforce Customer Support for help.: []  
                                                                                                           Class.CVMAMembershipApplicationControllerTest.setupTestData: line 49, column 1                                                                                                                                                                                                           
CVMAMembershipApplicationControllerTest.testMembershipIdGeneration                                Fail     System.DmlException: Update failed. First exception on row 0 with id 005bm00000FpnXVAAZ; first error: UNKNOWN_EXCEPTION, You can't create a contact for this user because the org doesn't have the necessary permissions. Contact Salesforce Customer Support for help.: []  
                                                                                                           Class.CVMAMembershipApplicationControllerTest.setupTestData: line 49, column 1                                                                                                                                                                                                           
CVMAMembershipApplicationControllerTest.testSubmitMembershipApplication_DuplicateEmail            Fail     System.DmlException: Update failed. First exception on row 0 with id 005bm00000FpnXVAAZ; first error: UNKNOWN_EXCEPTION, You can't create a contact for this user because the org doesn't have the necessary permissions. Contact Salesforce Customer Support for help.: []  
                                                                                                           Class.CVMAMembershipApplicationControllerTest.setupTestData: line 49, column 1                                                                                                                                                                                                           
CVMAMembershipApplicationControllerTest.testSubmitMembershipApplication_Success                   Fail     System.DmlException: Update failed. First exception on row 0 with id 005bm00000FpnXVAAZ; first error: UNKNOWN_EXCEPTION, You can't create a contact for this user because the org doesn't have the necessary permissions. Contact Salesforce Customer Support for help.: []  
                                                                                                           Class.CVMAMembershipApplicationControllerTest.setupTestData: line 49, column 1                                                                                                                                                                                                           
CVMAMembershipApplicationControllerTest.testSubmitMembershipApplication_ValidationFailure         Fail     System.DmlException: Update failed. First exception on row 0 with id 005bm00000FpnXVAAZ; first error: UNKNOWN_EXCEPTION, You can't create a contact for this user because the org doesn't have the necessary permissions. Contact Salesforce Customer Support for help.: []  
                                                                                                           Class.CVMAMembershipApplicationControllerTest.setupTestData: line 49, column 1                                                                                                                                                                                                           
CVMAMembershipApplicationControllerTest.testUpdateApplicationStatus_Approval                      Fail     System.DmlException: Update failed. First exception on row 0 with id 005bm00000FpnXVAAZ; first error: UNKNOWN_EXCEPTION, You can't create a contact for this user because the org doesn't have the necessary permissions. Contact Salesforce Customer Support for help.: []  
                                                                                                           Class.CVMAMembershipApplicationControllerTest.setupTestData: line 49, column 1                                                                                                                                                                                                           
CVMAMembershipApplicationControllerTest.testUpdateApplicationStatus_NonOfficerAccess              Fail     System.DmlException: Update failed. First exception on row 0 with id 005bm00000FpnXVAAZ; first error: UNKNOWN_EXCEPTION, You can't create a contact for this user because the org doesn't have the necessary permissions. Contact Salesforce Customer Support for help.: []  
                                                                                                           Class.CVMAMembershipApplicationControllerTest.setupTestData: line 49, column 1                                                                                                                                                                                                           
CVMAMembershipApplicationControllerTest.testUpdateApplicationStatus_Rejection                     Fail     System.DmlException: Update failed. First exception on row 0 with id 005bm00000FpnXVAAZ; first error: UNKNOWN_EXCEPTION, You can't create a contact for this user because the org doesn't have the necessary permissions. Contact Salesforce Customer Support for help.: []  
                                                                                                           Class.CVMAMembershipApplicationControllerTest.setupTestData: line 49, column 1                                                                                                                                                                                                           
LightningSelfRegisterControllerTest.LightningSelfRegisterControllerInstantiation                  Pass                                                                                                                                                                                                                                                                                  19          
LightningSelfRegisterControllerTest.testGetExtraFieldsInSelfRegistration                          Pass                                                                                                                                                                                                                                                                                  16          
LightningSelfRegisterControllerTest.testGetNonEmptyExtraFields                                    Pass                                                                                                                                                                                                                                                                                  7           
LightningSelfRegisterControllerTest.testGetNullExtraFields                                        Pass                                                                                                                                                                                                                                                                                  5           
LightningSelfRegisterControllerTest.testIsValidPassword                                           Pass                                                                                                                                                                                                                                                                                  3           
LightningSelfRegisterControllerTest.testSelfRegisterWithCreatedAccount                            Pass                                                                                                                                                                                                                                                                                  932         
LightningSelfRegisterControllerTest.testSelfRegisterWithProperCredentials                         Pass                                                                                                                                                                                                                                                                                  7           
LightningSelfRegisterControllerTest.testSelfRegistration                                          Pass                                                                                                                                                                                                                                                                                  8           
LightningSelfRegisterControllerTest.testSiteAsContainerEnabled                                    Pass                                                                                                                                                                                                                                                                                  23          
CVMAExperienceBuilderIntegrationTest.testCommunityConfiguration                                   Fail     System.DmlException: Insert failed. First exception on row 0; first error: REQUIRED_FIELD_MISSING, Required fields are missing: [Level__c, Membership_Id__c]: [Level__c, Membership_Id__c]                                                                                   
                                                                                                           Class.CVMAExperienceBuilderIntegrationTest.setupCommunityTestData: line 31, column 1                                                                                                                                                                                                     
CVMAExperienceBuilderIntegrationTest.testComponentDataAccess                                      Fail     System.DmlException: Insert failed. First exception on row 0; first error: REQUIRED_FIELD_MISSING, Required fields are missing: [Level__c, Membership_Id__c]: [Level__c, Membership_Id__c]                                                                                   
                                                                                                           Class.CVMAExperienceBuilderIntegrationTest.setupCommunityTestData: line 31, column 1                                                                                                                                                                                                     
CVMAExperienceBuilderIntegrationTest.testRelatedRecordAccess                                      Fail     System.DmlException: Insert failed. First exception on row 0; first error: REQUIRED_FIELD_MISSING, Required fields are missing: [Level__c, Membership_Id__c]: [Level__c, Membership_Id__c]                                                                                   
                                                                                                           Class.CVMAExperienceBuilderIntegrationTest.setupCommunityTestData: line 31, column 1                                                                                                                                                                                                     
CVMAExperienceBuilderIntegrationTest.testServiceAppointmentAvailability                           Fail     System.DmlException: Insert failed. First exception on row 0; first error: REQUIRED_FIELD_MISSING, Required fields are missing: [Level__c, Membership_Id__c]: [Level__c, Membership_Id__c]                                                                                   
                                                                                                           Class.CVMAExperienceBuilderIntegrationTest.setupCommunityTestData: line 31, column 1                                                                                                                                                                                                     
CVMAExperienceBuilderIntegrationTest.testServiceAppointmentBookingFlow                            Fail     System.DmlException: Insert failed. First exception on row 0; first error: REQUIRED_FIELD_MISSING, Required fields are missing: [Level__c, Membership_Id__c]: [Level__c, Membership_Id__c]                                                                                   
                                                                                                           Class.CVMAExperienceBuilderIntegrationTest.setupCommunityTestData: line 31, column 1                                                                                                                                                                                                     
CVMAMembershipApplicationSimpleTest.testCheckApplicationStatus_Found                              Fail     System.AssertException: Assertion Failed: Should find application                                                                                                                                                                                                            
                                                                                                           Class.CVMAMembershipApplicationSimpleTest.testCheckApplicationStatus_Found: line 102, column 1                                                                                                                                                                                           
CVMAMembershipApplicationSimpleTest.testCheckApplicationStatus_NotFound                           Pass                                                                                                                                                                                                                                                                                  16          
CVMAMembershipApplicationSimpleTest.testSubmitMembershipApplication_DuplicateEmail                Pass                                                                                                                                                                                                                                                                                  1661        
CVMAMembershipApplicationSimpleTest.testSubmitMembershipApplication_Success                       Fail     System.AssertException: Assertion Failed: Application submission should succeed                                                                                                                                                                                              
                                                                                                           Class.CVMAMembershipApplicationSimpleTest.testSubmitMembershipApplication_Success: line 19, column 1                                                                                                                                                                                     
CVMAMembershipApplicationSimpleTest.testSubmitMembershipApplication_ValidationFailure             Pass                                                                                                                                                                                                                                                                                  10          
ForgotPasswordControllerTest.testForgotPasswordController                                         Pass                                                                                                                                                                                                                                                                                  35          
LightningForgotPasswordControllerTest.LightningForgotPasswordControllerInstantiation              Pass                                                                                                                                                                                                                                                                                  28          
LightningForgotPasswordControllerTest.testLightningForgotPasswordControllerInvalidUserName        Pass                                                                                                                                                                                                                                                                                  13          
LightningForgotPasswordControllerTest.testLightningForgotPasswordControllerWithNullCheckEmailRef  Pass                                                                                                                                                                                                                                                                                  5           
CVMAErrorHandlerTest.testCreateUserMessage_DataValidationCategory                                 Pass                                                                                                                                                                                                                                                                                  19          
CVMAErrorHandlerTest.testCreateUserMessage_DmlException                                           Pass                                                                                                                                                                                                                                                                                  114         
CVMAErrorHandlerTest.testCreateUserMessage_SecurityCategory                                       Pass                                                                                                                                                                                                                                                                                  14          
CVMAErrorHandlerTest.testCustomExceptionTypes                                                     Pass                                                                                                                                                                                                                                                                                  14          
CVMAErrorHandlerTest.testErrorLogFallback                                                         Pass                                                                                                                                                                                                                                                                                  161         
CVMAErrorHandlerTest.testHandleException_FullWorkflow                                             Pass                                                                                                                                                                                                                                                                                  124         
CVMAErrorHandlerTest.testIsValidEmail                                                             Pass                                                                                                                                                                                                                                                                                  16          
CVMAErrorHandlerTest.testLogError_BasicLogging                                                    Fail     System.AssertException: Assertion Failed: Error message should contain exception details                                                                                                                                                                                     
                                                                                                           Class.CVMAErrorHandlerTest.testLogError_BasicLogging: line 57, column 1                                                                                                                                                                                                                  
CVMAErrorHandlerTest.testLogError_WithContextData                                                 Pass                                                                                                                                                                                                                                                                                  244         
CVMAErrorHandlerTest.testSanitizeInput                                                            Pass                                                                                                                                                                                                                                                                                  14          
CVMAErrorHandlerTest.testValidateCRUDPermissions_SecurityException                                Pass                                                                                                                                                                                                                                                                                  18          
CVMAErrorHandlerTest.testValidateCRUDPermissions_Success                                          Pass                                                                                                                                                                                                                                                                                  30          


=== Apex Code Coverage by Class
CLASSES                              PERCENT  UNCOVERED LINES    
───────────────────────────────────  ───────  ───────────────────
ChangePasswordController             100%                        
ForgotPasswordController             89%      15                 
MyProfilePageController              88%      21,37,38           
SiteRegisterController               81%      39,40,43,44,45     
SiteLoginController                  100%                        
CommunitiesLoginController           100%                        
CommunitiesLandingController         100%                        
CommunitiesSelfRegController         76%      16,51,52,53,54...  
MicrobatchSelfRegController          80%      10,40,41,42,43...  
CommunitiesSelfRegConfirmController  100%                        
LightningForgotPasswordController    50%      15,16,24,26,27...  
LightningSelfRegisterController      73%      21,51,87,93,111... 
LightningLoginFormController         45%      8,9,10,11,12...    
MyIterable                           100%                        
CVMASchedulerBookingHelper           64%      30,39,40,41,44...  
CVMAGuestUserPermissionHelper        83%      76,94,96,112,114...
CVMAMembershipApplicationController  35%      50,51,54,57,59...  
CVMAErrorHandler                     72%      53,56,59,93,114... 


=== Test Setup Time by Test Class for Run 707bm00000T2U88
TEST SETUP METHOD NAME                                       SETUP TIME
───────────────────────────────────────────────────────────  ──────────
CVMAMemberProfileControllerTest.setupTestData                2403      
QueryControllerMVPTest.setupTestData                         1370      
CVMAGuestUserSchedulerAccessTest.setupTestData               2477      
CVMAMembershipValidationTest.setupTestData                   957       
CVMAOfficerDashboardControllerTest.setupTestData             3070      
CVMAMembershipApplicationControllerTest.setupTestData        2786      
CVMAExperienceBuilderIntegrationTest.setupCommunityTestData  1453      
CVMAErrorHandlerTest.setupTestData                           917       


=== Test Summary
NAME                 VALUE                 
───────────────────  ──────────────────────
Outcome              Failed                
Tests Ran            160                   
Pass Rate            48%                   
Fail Rate            53%                   
Skip Rate            0%                    
Test Run Id          707bm00000T2U88       
Test Setup Time      15433 ms              
Test Execution Time  20291 ms              
Test Total Time      35724 ms              
Org Id               00Dbm000007w9muEAA    
Username             detonator@cvma20-7.org
Org Wide Coverage    26%                   
