<?xml version="1.0" encoding="UTF-8"?>
<testsuites>
    <testsuite name="force.apex" timestamp="2025-09-25T01:03:52.000Z" hostname="https://cvma20-7-dev-ed.develop.my.salesforce.com" tests="437" failures="201"  errors="0"  time="48.93">
        <properties>
            <property name="outcome" value="Failed"/>
            <property name="testsRan" value="437"/>
            <property name="passing" value="236"/>
            <property name="failing" value="201"/>
            <property name="skipped" value="0"/>
            <property name="passRate" value="54%"/>
            <property name="failRate" value="46%"/>
            <property name="testStartTime" value="Wed Sep 24 2025 9:03:52 PM"/>
            <property name="testSetupTimeInMs" value="115561"/>
            <property name="testExecutionTime" value="48.93 s"/>
            <property name="testTotalTime" value="164.49 s"/>
            <property name="commandTime" value="0.34 s"/>
            <property name="hostname" value="https://cvma20-7-dev-ed.develop.my.salesforce.com"/>
            <property name="orgId" value="00Dbm000007w9muEAA"/>
            <property name="username" value="detonator@cvma20-7.org"/>
            <property name="testRunId" value="707bm00000WJVHL"/>
            <property name="userId" value="005bm000004mcqIAAQ"/>
        </properties>
        <testcase name="testCommunitiesLandingController" classname="CommunitiesLandingControllerTest" time="0.03">
        </testcase>
        <testcase name="&lt;compile&gt;" classname="CVMAKnowledgeControllerTest" time="0.00">
            <failure message="line 18, column 64: Previous load of class failed: CVMAKnowledgeControllerTest: line 18, column 64: Method does not exist or incorrect signature: void searchArticles(String, NULL, NULL) from the type CVMAKnowledgeController"></failure>
        </testcase>
        <testcase name="testCSVEscaping" classname="CVMAOfficerDashboardControllerTest" time="0.00">
            <failure message="System.DmlException: Insert failed. First exception on row 0; first error: FIELD_INTEGRITY_EXCEPTION, only portal users can be associated to a contact: []"><![CDATA[Class.CVMAOfficerDashboardControllerTest.setupTestData: line 108, column 1]]></failure>
        </testcase>
        <testcase name="testEmailGeneration" classname="CVMAOfficerDashboardControllerTest" time="0.00">
            <failure message="System.DmlException: Insert failed. First exception on row 0; first error: FIELD_INTEGRITY_EXCEPTION, only portal users can be associated to a contact: []"><![CDATA[Class.CVMAOfficerDashboardControllerTest.setupTestData: line 108, column 1]]></failure>
        </testcase>
        <testcase name="testEmptyMemberList" classname="CVMAOfficerDashboardControllerTest" time="0.00">
            <failure message="System.DmlException: Insert failed. First exception on row 0; first error: FIELD_INTEGRITY_EXCEPTION, only portal users can be associated to a contact: []"><![CDATA[Class.CVMAOfficerDashboardControllerTest.setupTestData: line 108, column 1]]></failure>
        </testcase>
        <testcase name="testExportMemberData_NonOfficerAccess" classname="CVMAOfficerDashboardControllerTest" time="0.00">
            <failure message="System.DmlException: Insert failed. First exception on row 0; first error: FIELD_INTEGRITY_EXCEPTION, only portal users can be associated to a contact: []"><![CDATA[Class.CVMAOfficerDashboardControllerTest.setupTestData: line 108, column 1]]></failure>
        </testcase>
        <testcase name="testExportMemberData_Success" classname="CVMAOfficerDashboardControllerTest" time="0.00">
            <failure message="System.DmlException: Insert failed. First exception on row 0; first error: FIELD_INTEGRITY_EXCEPTION, only portal users can be associated to a contact: []"><![CDATA[Class.CVMAOfficerDashboardControllerTest.setupTestData: line 108, column 1]]></failure>
        </testcase>
        <testcase name="testGetMemberDashboardData_NonOfficerAccess" classname="CVMAOfficerDashboardControllerTest" time="0.00">
            <failure message="System.DmlException: Insert failed. First exception on row 0; first error: FIELD_INTEGRITY_EXCEPTION, only portal users can be associated to a contact: []"><![CDATA[Class.CVMAOfficerDashboardControllerTest.setupTestData: line 108, column 1]]></failure>
        </testcase>
        <testcase name="testGetMemberDashboardData_OfficerSuccess" classname="CVMAOfficerDashboardControllerTest" time="0.00">
            <failure message="System.DmlException: Insert failed. First exception on row 0; first error: FIELD_INTEGRITY_EXCEPTION, only portal users can be associated to a contact: []"><![CDATA[Class.CVMAOfficerDashboardControllerTest.setupTestData: line 108, column 1]]></failure>
        </testcase>
        <testcase name="testMemberStatusCalculation" classname="CVMAOfficerDashboardControllerTest" time="0.00">
            <failure message="System.DmlException: Insert failed. First exception on row 0; first error: FIELD_INTEGRITY_EXCEPTION, only portal users can be associated to a contact: []"><![CDATA[Class.CVMAOfficerDashboardControllerTest.setupTestData: line 108, column 1]]></failure>
        </testcase>
        <testcase name="testSendRenewalReminders_NonOfficerAccess" classname="CVMAOfficerDashboardControllerTest" time="0.00">
            <failure message="System.DmlException: Insert failed. First exception on row 0; first error: FIELD_INTEGRITY_EXCEPTION, only portal users can be associated to a contact: []"><![CDATA[Class.CVMAOfficerDashboardControllerTest.setupTestData: line 108, column 1]]></failure>
        </testcase>
        <testcase name="testSendRenewalReminders_Success" classname="CVMAOfficerDashboardControllerTest" time="0.00">
            <failure message="System.DmlException: Insert failed. First exception on row 0; first error: FIELD_INTEGRITY_EXCEPTION, only portal users can be associated to a contact: []"><![CDATA[Class.CVMAOfficerDashboardControllerTest.setupTestData: line 108, column 1]]></failure>
        </testcase>
        <testcase name="testCommunitiesLoginController" classname="CommunitiesLoginControllerTest" time="0.03">
        </testcase>
        <testcase name="testGetMemberProfile_Success" classname="CVMAMemberProfileControllerTest" time="0.48">
            <failure message="System.AuraHandledException: Script-thrown exception"><![CDATA[Class.CVMAMemberProfileController.getMemberProfile: line 78, column 1
Class.CVMAMemberProfileControllerTest.testGetMemberProfile_Success: line 37, column 1]]></failure>
        </testcase>
        <testcase name="testGetProfilePermissions" classname="CVMAMemberProfileControllerTest" time="0.06">
        </testcase>
        <testcase name="testInvalidJsonHandling" classname="CVMAMemberProfileControllerTest" time="0.12">
            <failure message="System.AssertException: Assertion Failed: Exception should mention data format or error"><![CDATA[Class.CVMAMemberProfileControllerTest.testInvalidJsonHandling: line 249, column 1]]></failure>
        </testcase>
        <testcase name="testUpdateMemberProfile_SecurityError_WrongUser" classname="CVMAMemberProfileControllerTest" time="0.70">
            <failure message="System.DmlException: Insert failed. First exception on row 0; first error: REQUIRED_FIELD_MISSING, Required fields are missing: [Membership_Id__c]: [Membership_Id__c]"><![CDATA[Class.CVMAMemberProfileControllerTest.testUpdateMemberProfile_SecurityError_WrongUser: line 179, column 1]]></failure>
        </testcase>
        <testcase name="testUpdateMemberProfile_Success" classname="CVMAMemberProfileControllerTest" time="0.13">
            <failure message="System.AuraHandledException: Script-thrown exception"><![CDATA[Class.CVMAMemberProfileController.updateMemberProfile: line 176, column 1
Class.CVMAMemberProfileControllerTest.testUpdateMemberProfile_Success: line 90, column 1]]></failure>
        </testcase>
        <testcase name="testUpdateMemberProfile_ValidationError_InvalidEmail" classname="CVMAMemberProfileControllerTest" time="0.14">
            <failure message="System.AssertException: Assertion Failed: Exception should mention valid email"><![CDATA[Class.CVMAMemberProfileControllerTest.testUpdateMemberProfile_ValidationError_InvalidEmail: line 162, column 1]]></failure>
        </testcase>
        <testcase name="testUpdateMemberProfile_ValidationError_RequiredFields" classname="CVMAMemberProfileControllerTest" time="0.13">
            <failure message="System.AssertException: Assertion Failed: Exception should mention required fields"><![CDATA[Class.CVMAMemberProfileControllerTest.testUpdateMemberProfile_ValidationError_RequiredFields: line 135, column 1]]></failure>
        </testcase>
        <testcase name="testUserWithoutContact" classname="CVMAMemberProfileControllerTest" time="1.06">
            <failure message="System.AuraHandledException: Script-thrown exception"><![CDATA[Class.CVMAMemberProfileController.getMemberProfile: line 78, column 1
Class.CVMAMemberProfileControllerTest.testUserWithoutContact: line 276, column 1]]></failure>
        </testcase>
        <testcase name="testSave" classname="MyProfilePageControllerTest" time="0.38">
        </testcase>
        <testcase name="testForgotPasswordController" classname="ForgotPasswordControllerTest" time="0.04">
        </testcase>
        <testcase name="testDescriptionSanitization" classname="CVMAGuestEventControllerTest" time="0.21">
        </testcase>
        <testcase name="testErrorHandling" classname="CVMAGuestEventControllerTest" time="0.03">
            <failure message="System.AssertException: Assertion Failed: Error should be logged to CVMA_Error_Log__c"><![CDATA[Class.CVMAGuestEventControllerTest.testErrorHandling: line 555, column 1]]></failure>
        </testcase>
        <testcase name="testGetGuestRequestStatus" classname="CVMAGuestEventControllerTest" time="0.20">
            <failure message="CVMAGuestEventController.GuestEventException: Unable to retrieve request status: Insufficient permissions: secure query included inaccessible field"><![CDATA[Class.CVMAGuestEventController.getGuestRequestStatus: line 211, column 1
Class.CVMAGuestEventControllerTest.testGetGuestRequestStatus: line 251, column 1]]></failure>
        </testcase>
        <testcase name="testGetPendingGuestRequestsAsOfficer" classname="CVMAGuestEventControllerTest" time="0.27">
            <failure message="CVMAGuestEventController.GuestEventException: Unable to retrieve pending guest requests: Insufficient permissions to view guest requests"><![CDATA[Class.CVMAGuestEventController.getPendingGuestRequests: line 267, column 1
Class.CVMAGuestEventControllerTest.testGetPendingGuestRequestsAsOfficer: line 275, column 1]]></failure>
        </testcase>
        <testcase name="testGetPendingGuestRequestsNoPermissions" classname="CVMAGuestEventControllerTest" time="0.84">
        </testcase>
        <testcase name="testGetPublicEvents" classname="CVMAGuestEventControllerTest" time="0.05">
        </testcase>
        <testcase name="testInputSanitization" classname="CVMAGuestEventControllerTest" time="0.16">
            <failure message="CVMAGuestEventController.GuestEventException: Unable to submit guest request: Insufficient permissions: Update access to field Event."><![CDATA[Class.CVMAGuestEventController.submitGuestRequest: line 168, column 1
Class.CVMAGuestEventControllerTest.testInputSanitization: line 515, column 1]]></failure>
        </testcase>
        <testcase name="testProcessGuestRequestAlreadyProcessed" classname="CVMAGuestEventControllerTest" time="0.21">
            <failure message="CVMAGuestEventController.GuestEventException: Unable to process guest request: Insufficient permissions to process guest requests"><![CDATA[Class.CVMAGuestEventController.processGuestRequest: line 317, column 1
Class.CVMAGuestEventControllerTest.testProcessGuestRequestAlreadyProcessed: line 398, column 1]]></failure>
        </testcase>
        <testcase name="testProcessGuestRequestApproval" classname="CVMAGuestEventControllerTest" time="0.21">
            <failure message="CVMAGuestEventController.GuestEventException: Unable to process guest request: Insufficient permissions to process guest requests"><![CDATA[Class.CVMAGuestEventController.processGuestRequest: line 317, column 1
Class.CVMAGuestEventControllerTest.testProcessGuestRequestApproval: line 307, column 1]]></failure>
        </testcase>
        <testcase name="testProcessGuestRequestDenial" classname="CVMAGuestEventControllerTest" time="0.28">
            <failure message="CVMAGuestEventController.GuestEventException: Unable to process guest request: Insufficient permissions to process guest requests"><![CDATA[Class.CVMAGuestEventController.processGuestRequest: line 317, column 1
Class.CVMAGuestEventControllerTest.testProcessGuestRequestDenial: line 360, column 1]]></failure>
        </testcase>
        <testcase name="testProcessGuestRequestNoPermissions" classname="CVMAGuestEventControllerTest" time="0.85">
        </testcase>
        <testcase name="testPublicEventFiltering" classname="CVMAGuestEventControllerTest" time="0.24">
        </testcase>
        <testcase name="testSubmitGuestRequestDuplicate" classname="CVMAGuestEventControllerTest" time="0.13">
        </testcase>
        <testcase name="testSubmitGuestRequestMissingFields" classname="CVMAGuestEventControllerTest" time="0.14">
        </testcase>
        <testcase name="testSubmitGuestRequestPrivateEvent" classname="CVMAGuestEventControllerTest" time="0.10">
        </testcase>
        <testcase name="testSubmitGuestRequestValid" classname="CVMAGuestEventControllerTest" time="0.12">
            <failure message="CVMAGuestEventController.GuestEventException: Unable to submit guest request: Insufficient permissions: Update access to field Event."><![CDATA[Class.CVMAGuestEventController.submitGuestRequest: line 168, column 1
Class.CVMAGuestEventControllerTest.testSubmitGuestRequestValid: line 121, column 1]]></failure>
        </testcase>
        <testcase name="testConstantsAndEdgeCases" classname="CVMAGuestUserSchedulerTest" time="0.59">
        </testcase>
        <testcase name="testGuestUserPermissionHelper_ObjectAccess" classname="CVMAGuestUserSchedulerTest" time="0.90">
            <failure message="System.AssertException: Assertion Failed: Should have some accessible objects"><![CDATA[Class.CVMAGuestUserSchedulerTest.testGuestUserPermissionHelper_ObjectAccess: line 88, column 1]]></failure>
        </testcase>
        <testcase name="testGuestUserPermissionHelper_ProfileValidation" classname="CVMAGuestUserSchedulerTest" time="0.22">
        </testcase>
        <testcase name="testSchedulerBookingHelper_AppointmentCancellation" classname="CVMAGuestUserSchedulerTest" time="0.26">
        </testcase>
        <testcase name="testSchedulerBookingHelper_AppointmentCreation" classname="CVMAGuestUserSchedulerTest" time="1.04">
            <failure message="CVMASchedulerBookingHelper.CVMASchedulerException: Failed to create appointment: Insert failed. First exception on row 0; first error: INSUFFICIENT_ACCESS_ON_CROSS_REFERENCE_ENTITY, insufficient access rights on cross-reference id: 08qbm0000003zII: []"><![CDATA[Class.CVMASchedulerBookingHelper.createGuestAppointment: line 32, column 1
Class.CVMAGuestUserSchedulerTest.testSchedulerBookingHelper_AppointmentCreation: line 169, column 1]]></failure>
        </testcase>
        <testcase name="testSchedulerBookingHelper_AppointmentUpdates" classname="CVMAGuestUserSchedulerTest" time="0.18">
        </testcase>
        <testcase name="testSchedulerBookingHelper_AvailabilityChecking" classname="CVMAGuestUserSchedulerTest" time="0.27">
        </testcase>
        <testcase name="testSchedulerBookingHelper_DurationAndLimits" classname="CVMAGuestUserSchedulerTest" time="0.01">
        </testcase>
        <testcase name="testSchedulerBookingHelper_GuestAppointments" classname="CVMAGuestUserSchedulerTest" time="0.20">
        </testcase>
        <testcase name="testSchedulerBookingHelper_InvalidRequests" classname="CVMAGuestUserSchedulerTest" time="0.01">
        </testcase>
        <testcase name="testSchedulerBookingHelper_RequestValidation" classname="CVMAGuestUserSchedulerTest" time="0.02">
        </testcase>
        <testcase name="testCheckApplicationStatus_Found" classname="CVMAMembershipApplicationControllerTest" time="0.00">
            <failure message="System.DmlException: Update failed. First exception on row 0 with id 005bm00000HbGaHAAV; first error: UNKNOWN_EXCEPTION, You can&apos;t create a contact for this user because the org doesn&apos;t have the necessary permissions. Contact Salesforce Customer Support for help.: []"><![CDATA[Class.CVMAMembershipApplicationControllerTest.setupTestData: line 49, column 1]]></failure>
        </testcase>
        <testcase name="testCheckApplicationStatus_NotFound" classname="CVMAMembershipApplicationControllerTest" time="0.00">
            <failure message="System.DmlException: Update failed. First exception on row 0 with id 005bm00000HbGaHAAV; first error: UNKNOWN_EXCEPTION, You can&apos;t create a contact for this user because the org doesn&apos;t have the necessary permissions. Contact Salesforce Customer Support for help.: []"><![CDATA[Class.CVMAMembershipApplicationControllerTest.setupTestData: line 49, column 1]]></failure>
        </testcase>
        <testcase name="testGetPendingApplications_NonOfficerAccess" classname="CVMAMembershipApplicationControllerTest" time="0.00">
            <failure message="System.DmlException: Update failed. First exception on row 0 with id 005bm00000HbGaHAAV; first error: UNKNOWN_EXCEPTION, You can&apos;t create a contact for this user because the org doesn&apos;t have the necessary permissions. Contact Salesforce Customer Support for help.: []"><![CDATA[Class.CVMAMembershipApplicationControllerTest.setupTestData: line 49, column 1]]></failure>
        </testcase>
        <testcase name="testGetPendingApplications_OfficerAccess" classname="CVMAMembershipApplicationControllerTest" time="0.00">
            <failure message="System.DmlException: Update failed. First exception on row 0 with id 005bm00000HbGaHAAV; first error: UNKNOWN_EXCEPTION, You can&apos;t create a contact for this user because the org doesn&apos;t have the necessary permissions. Contact Salesforce Customer Support for help.: []"><![CDATA[Class.CVMAMembershipApplicationControllerTest.setupTestData: line 49, column 1]]></failure>
        </testcase>
        <testcase name="testMembershipIdGeneration" classname="CVMAMembershipApplicationControllerTest" time="0.00">
            <failure message="System.DmlException: Update failed. First exception on row 0 with id 005bm00000HbGaHAAV; first error: UNKNOWN_EXCEPTION, You can&apos;t create a contact for this user because the org doesn&apos;t have the necessary permissions. Contact Salesforce Customer Support for help.: []"><![CDATA[Class.CVMAMembershipApplicationControllerTest.setupTestData: line 49, column 1]]></failure>
        </testcase>
        <testcase name="testSubmitMembershipApplication_DuplicateEmail" classname="CVMAMembershipApplicationControllerTest" time="0.00">
            <failure message="System.DmlException: Update failed. First exception on row 0 with id 005bm00000HbGaHAAV; first error: UNKNOWN_EXCEPTION, You can&apos;t create a contact for this user because the org doesn&apos;t have the necessary permissions. Contact Salesforce Customer Support for help.: []"><![CDATA[Class.CVMAMembershipApplicationControllerTest.setupTestData: line 49, column 1]]></failure>
        </testcase>
        <testcase name="testSubmitMembershipApplication_Success" classname="CVMAMembershipApplicationControllerTest" time="0.00">
            <failure message="System.DmlException: Update failed. First exception on row 0 with id 005bm00000HbGaHAAV; first error: UNKNOWN_EXCEPTION, You can&apos;t create a contact for this user because the org doesn&apos;t have the necessary permissions. Contact Salesforce Customer Support for help.: []"><![CDATA[Class.CVMAMembershipApplicationControllerTest.setupTestData: line 49, column 1]]></failure>
        </testcase>
        <testcase name="testSubmitMembershipApplication_ValidationFailure" classname="CVMAMembershipApplicationControllerTest" time="0.00">
            <failure message="System.DmlException: Update failed. First exception on row 0 with id 005bm00000HbGaHAAV; first error: UNKNOWN_EXCEPTION, You can&apos;t create a contact for this user because the org doesn&apos;t have the necessary permissions. Contact Salesforce Customer Support for help.: []"><![CDATA[Class.CVMAMembershipApplicationControllerTest.setupTestData: line 49, column 1]]></failure>
        </testcase>
        <testcase name="testUpdateApplicationStatus_Approval" classname="CVMAMembershipApplicationControllerTest" time="0.00">
            <failure message="System.DmlException: Update failed. First exception on row 0 with id 005bm00000HbGaHAAV; first error: UNKNOWN_EXCEPTION, You can&apos;t create a contact for this user because the org doesn&apos;t have the necessary permissions. Contact Salesforce Customer Support for help.: []"><![CDATA[Class.CVMAMembershipApplicationControllerTest.setupTestData: line 49, column 1]]></failure>
        </testcase>
        <testcase name="testUpdateApplicationStatus_NonOfficerAccess" classname="CVMAMembershipApplicationControllerTest" time="0.00">
            <failure message="System.DmlException: Update failed. First exception on row 0 with id 005bm00000HbGaHAAV; first error: UNKNOWN_EXCEPTION, You can&apos;t create a contact for this user because the org doesn&apos;t have the necessary permissions. Contact Salesforce Customer Support for help.: []"><![CDATA[Class.CVMAMembershipApplicationControllerTest.setupTestData: line 49, column 1]]></failure>
        </testcase>
        <testcase name="testUpdateApplicationStatus_Rejection" classname="CVMAMembershipApplicationControllerTest" time="0.00">
            <failure message="System.DmlException: Update failed. First exception on row 0 with id 005bm00000HbGaHAAV; first error: UNKNOWN_EXCEPTION, You can&apos;t create a contact for this user because the org doesn&apos;t have the necessary permissions. Contact Salesforce Customer Support for help.: []"><![CDATA[Class.CVMAMembershipApplicationControllerTest.setupTestData: line 49, column 1]]></failure>
        </testcase>
        <testcase name="testAccessibilityPreferences_MobilityLimitations" classname="CVMAAccessibilityControllerTest" time="0.05">
        </testcase>
        <testcase name="testAccessibilityPreferences_VisualImpairment" classname="CVMAAccessibilityControllerTest" time="0.03">
        </testcase>
        <testcase name="testBulkWCAGValidations" classname="CVMAAccessibilityControllerTest" time="0.02">
        </testcase>
        <testcase name="testGenerateAccessibilityReport" classname="CVMAAccessibilityControllerTest" time="0.07">
        </testcase>
        <testcase name="testGenerateAccessibilityReport_NoCases" classname="CVMAAccessibilityControllerTest" time="1.77">
        </testcase>
        <testcase name="testGetAccessibilityAssistanceResources" classname="CVMAAccessibilityControllerTest" time="0.12">
        </testcase>
        <testcase name="testGetAccessibilityConfiguration" classname="CVMAAccessibilityControllerTest" time="0.05">
        </testcase>
        <testcase name="testGetAccessibilityConfiguration_InvalidUser" classname="CVMAAccessibilityControllerTest" time="0.03">
        </testcase>
        <testcase name="testPerformanceWithLargePreferences" classname="CVMAAccessibilityControllerTest" time="0.03">
        </testcase>
        <testcase name="testSecurityEnforcement" classname="CVMAAccessibilityControllerTest" time="0.07">
        </testcase>
        <testcase name="testUpdateAccessibilityPreferences" classname="CVMAAccessibilityControllerTest" time="0.03">
        </testcase>
        <testcase name="testValidateWCAGCompliance" classname="CVMAAccessibilityControllerTest" time="0.02">
        </testcase>
        <testcase name="testValidateWCAGCompliance_MultipleComponents" classname="CVMAAccessibilityControllerTest" time="0.02">
        </testcase>
        <testcase name="debugValidationError" classname="CVMAValidationDebugTest" time="1.64">
        </testcase>
        <testcase name="testChangePasswordController" classname="ChangePasswordControllerTest" time="0.07">
        </testcase>
        <testcase name="testRegistration" classname="SiteRegisterControllerTest" time="0.04">
        </testcase>
        <testcase name="testSiteLoginController" classname="SiteLoginControllerTest" time="0.05">
        </testcase>
        <testcase name="testAccessControlLogic" classname="CVMAMemberDocControllerSimpleTest" time="0.11">
        </testcase>
        <testcase name="testBulkCategoryRetrieval" classname="CVMAMemberDocControllerSimpleTest" time="0.01">
        </testcase>
        <testcase name="testDocumentationCategoriesStructure" classname="CVMAMemberDocControllerSimpleTest" time="0.01">
        </testcase>
        <testcase name="testErrorHandling_NullParameters" classname="CVMAMemberDocControllerSimpleTest" time="0.01">
        </testcase>
        <testcase name="testGetAvailableMemberDocumentation_Success" classname="CVMAMemberDocControllerSimpleTest" time="0.01">
        </testcase>
        <testcase name="testInputSanitization" classname="CVMAMemberDocControllerSimpleTest" time="0.01">
        </testcase>
        <testcase name="testRequestMemberDocumentation_InvalidCategory" classname="CVMAMemberDocControllerSimpleTest" time="0.01">
        </testcase>
        <testcase name="testRequestMemberDocumentation_ValidationLogic" classname="CVMAMemberDocControllerSimpleTest" time="0.01">
            <failure message="System.AssertException: Assertion Failed: Should indicate missing required parameters: Script-thrown exception"><![CDATA[Class.CVMAMemberDocControllerSimpleTest.testRequestMemberDocumentation_ValidationLogic: line 65, column 1]]></failure>
        </testcase>
        <testcase name="testBulkOperations_MultipleRequests" classname="CVMAMemberDocumentationControllerTest" time="0.00">
            <failure message="System.DmlException: Insert failed. First exception on row 0; first error: MIXED_DML_OPERATION, DML operation on setup object is not permitted after you have updated a non-setup object (or vice versa): EmailTemplate, original object: Campaign: []"><![CDATA[Class.CVMAMemberDocumentationControllerTest.setupTestData: line 55, column 1]]></failure>
        </testcase>
        <testcase name="testCampaignMemberValidation_InvalidMember_AccessDenied" classname="CVMAMemberDocumentationControllerTest" time="0.00">
            <failure message="System.DmlException: Insert failed. First exception on row 0; first error: MIXED_DML_OPERATION, DML operation on setup object is not permitted after you have updated a non-setup object (or vice versa): EmailTemplate, original object: Campaign: []"><![CDATA[Class.CVMAMemberDocumentationControllerTest.setupTestData: line 55, column 1]]></failure>
        </testcase>
        <testcase name="testCampaignMemberValidation_ValidMember_Success" classname="CVMAMemberDocumentationControllerTest" time="0.00">
            <failure message="System.DmlException: Insert failed. First exception on row 0; first error: MIXED_DML_OPERATION, DML operation on setup object is not permitted after you have updated a non-setup object (or vice versa): EmailTemplate, original object: Campaign: []"><![CDATA[Class.CVMAMemberDocumentationControllerTest.setupTestData: line 55, column 1]]></failure>
        </testcase>
        <testcase name="testDocumentAccessLogic_PublicVsRestricted" classname="CVMAMemberDocumentationControllerTest" time="0.00">
            <failure message="System.DmlException: Insert failed. First exception on row 0; first error: MIXED_DML_OPERATION, DML operation on setup object is not permitted after you have updated a non-setup object (or vice versa): EmailTemplate, original object: Campaign: []"><![CDATA[Class.CVMAMemberDocumentationControllerTest.setupTestData: line 55, column 1]]></failure>
        </testcase>
        <testcase name="testEmailTemplateMapping_AllCategories" classname="CVMAMemberDocumentationControllerTest" time="0.00">
            <failure message="System.DmlException: Insert failed. First exception on row 0; first error: MIXED_DML_OPERATION, DML operation on setup object is not permitted after you have updated a non-setup object (or vice versa): EmailTemplate, original object: Campaign: []"><![CDATA[Class.CVMAMemberDocumentationControllerTest.setupTestData: line 55, column 1]]></failure>
        </testcase>
        <testcase name="testErrorHandling_DatabaseException" classname="CVMAMemberDocumentationControllerTest" time="0.00">
            <failure message="System.DmlException: Insert failed. First exception on row 0; first error: MIXED_DML_OPERATION, DML operation on setup object is not permitted after you have updated a non-setup object (or vice versa): EmailTemplate, original object: Campaign: []"><![CDATA[Class.CVMAMemberDocumentationControllerTest.setupTestData: line 55, column 1]]></failure>
        </testcase>
        <testcase name="testGetAvailableMemberDocumentation_Success" classname="CVMAMemberDocumentationControllerTest" time="0.00">
            <failure message="System.DmlException: Insert failed. First exception on row 0; first error: MIXED_DML_OPERATION, DML operation on setup object is not permitted after you have updated a non-setup object (or vice versa): EmailTemplate, original object: Campaign: []"><![CDATA[Class.CVMAMemberDocumentationControllerTest.setupTestData: line 55, column 1]]></failure>
        </testcase>
        <testcase name="testInputSanitization_SQLInjectionPrevention" classname="CVMAMemberDocumentationControllerTest" time="0.00">
            <failure message="System.DmlException: Insert failed. First exception on row 0; first error: MIXED_DML_OPERATION, DML operation on setup object is not permitted after you have updated a non-setup object (or vice versa): EmailTemplate, original object: Campaign: []"><![CDATA[Class.CVMAMemberDocumentationControllerTest.setupTestData: line 55, column 1]]></failure>
        </testcase>
        <testcase name="testRequestMemberDocumentation_InvalidCategory_NotFound" classname="CVMAMemberDocumentationControllerTest" time="0.00">
            <failure message="System.DmlException: Insert failed. First exception on row 0; first error: MIXED_DML_OPERATION, DML operation on setup object is not permitted after you have updated a non-setup object (or vice versa): EmailTemplate, original object: Campaign: []"><![CDATA[Class.CVMAMemberDocumentationControllerTest.setupTestData: line 55, column 1]]></failure>
        </testcase>
        <testcase name="testRequestMemberDocumentation_InvalidMember_AccessDenied" classname="CVMAMemberDocumentationControllerTest" time="0.00">
            <failure message="System.DmlException: Insert failed. First exception on row 0; first error: MIXED_DML_OPERATION, DML operation on setup object is not permitted after you have updated a non-setup object (or vice versa): EmailTemplate, original object: Campaign: []"><![CDATA[Class.CVMAMemberDocumentationControllerTest.setupTestData: line 55, column 1]]></failure>
        </testcase>
        <testcase name="testRequestMemberDocumentation_InvalidParameters_Error" classname="CVMAMemberDocumentationControllerTest" time="0.00">
            <failure message="System.DmlException: Insert failed. First exception on row 0; first error: MIXED_DML_OPERATION, DML operation on setup object is not permitted after you have updated a non-setup object (or vice versa): EmailTemplate, original object: Campaign: []"><![CDATA[Class.CVMAMemberDocumentationControllerTest.setupTestData: line 55, column 1]]></failure>
        </testcase>
        <testcase name="testRequestMemberDocumentation_PublicDocument_Success" classname="CVMAMemberDocumentationControllerTest" time="0.00">
            <failure message="System.DmlException: Insert failed. First exception on row 0; first error: MIXED_DML_OPERATION, DML operation on setup object is not permitted after you have updated a non-setup object (or vice versa): EmailTemplate, original object: Campaign: []"><![CDATA[Class.CVMAMemberDocumentationControllerTest.setupTestData: line 55, column 1]]></failure>
        </testcase>
        <testcase name="testRequestMemberDocumentation_ValidMember_Success" classname="CVMAMemberDocumentationControllerTest" time="0.00">
            <failure message="System.DmlException: Insert failed. First exception on row 0; first error: MIXED_DML_OPERATION, DML operation on setup object is not permitted after you have updated a non-setup object (or vice versa): EmailTemplate, original object: Campaign: []"><![CDATA[Class.CVMAMemberDocumentationControllerTest.setupTestData: line 55, column 1]]></failure>
        </testcase>
        <testcase name="testCountWithGroupBy" classname="QueryControllerMVPTest" time="0.12">
        </testcase>
        <testcase name="testDefaultLimitAddition" classname="QueryControllerMVPTest" time="0.06">
        </testcase>
        <testcase name="testErrorHandling_InvalidSyntax" classname="QueryControllerMVPTest" time="0.11">
        </testcase>
        <testcase name="testExecuteMultipleQueries_SecurityViolation" classname="QueryControllerMVPTest" time="0.01">
        </testcase>
        <testcase name="testExecuteMultipleQueries_SubsequentSecurityViolations" classname="QueryControllerMVPTest" time="0.09">
        </testcase>
        <testcase name="testExecuteMultipleQueries_Success" classname="QueryControllerMVPTest" time="0.14">
        </testcase>
        <testcase name="testExecuteQuery_Success" classname="QueryControllerMVPTest" time="0.04">
        </testcase>
        <testcase name="testExecutionTimeTracking" classname="QueryControllerMVPTest" time="0.04">
        </testcase>
        <testcase name="testFieldAccessValidation" classname="QueryControllerMVPTest" time="0.04">
        </testcase>
        <testcase name="testGetBasicSchemaInfo" classname="QueryControllerMVPTest" time="0.04">
        </testcase>
        <testcase name="testInputValidation_AllBlankQueries" classname="QueryControllerMVPTest" time="0.01">
        </testcase>
        <testcase name="testInputValidation_BlankQueries" classname="QueryControllerMVPTest" time="0.08">
        </testcase>
        <testcase name="testInputValidation_BlankSingleQuery" classname="QueryControllerMVPTest" time="0.01">
        </testcase>
        <testcase name="testInputValidation_EmptyQueries" classname="QueryControllerMVPTest" time="0.01">
        </testcase>
        <testcase name="testInputValidation_NullQueries" classname="QueryControllerMVPTest" time="0.01">
        </testcase>
        <testcase name="testInputValidation_TooManyQueries" classname="QueryControllerMVPTest" time="0.01">
        </testcase>
        <testcase name="testLargeResultSetHandling" classname="QueryControllerMVPTest" time="0.42">
        </testcase>
        <testcase name="testMixedSuccessFailure" classname="QueryControllerMVPTest" time="0.10">
        </testcase>
        <testcase name="testPerformanceValidation_CountWithoutGroupBy" classname="QueryControllerMVPTest" time="0.01">
        </testcase>
        <testcase name="testPerformanceValidation_ExcessiveLimit" classname="QueryControllerMVPTest" time="0.01">
        </testcase>
        <testcase name="testPerformanceValidation_TooManyRelationships" classname="QueryControllerMVPTest" time="0.01">
        </testcase>
        <testcase name="testQueryIndexTracking" classname="QueryControllerMVPTest" time="0.11">
        </testcase>
        <testcase name="testSecurityValidation_DeleteVsIsDeleted" classname="QueryControllerMVPTest" time="0.04">
        </testcase>
        <testcase name="testSecurityValidation_ForUpdate" classname="QueryControllerMVPTest" time="0.01">
        </testcase>
        <testcase name="testSecurityValidation_ForbiddenOperations" classname="QueryControllerMVPTest" time="0.01">
        </testcase>
        <testcase name="testSecurityValidation_LimitAllCustomObjects" classname="QueryControllerMVPTest" time="0.01">
        </testcase>
        <testcase name="testSecurityValidation_NonSelectQuery" classname="QueryControllerMVPTest" time="0.01">
        </testcase>
        <testcase name="testSerializationComplexQueries" classname="QueryControllerMVPTest" time="0.06">
        </testcase>
        <testcase name="testSerializationErrorHandling" classname="QueryControllerMVPTest" time="0.04">
        </testcase>
        <testcase name="testUserFriendlyErrorMessages" classname="QueryControllerMVPTest" time="0.05">
        </testcase>
        <testcase name="testDataStructures_ApplicationData" classname="CVMAMembershipAutomationControllerTest" time="0.01">
        </testcase>
        <testcase name="testDataStructures_MembershipIdResult" classname="CVMAMembershipAutomationControllerTest" time="0.25">
        </testcase>
        <testcase name="testDataStructures_ValidationResult" classname="CVMAMembershipAutomationControllerTest" time="0.01">
        </testcase>
        <testcase name="testGenerateMembershipIds_Success" classname="CVMAMembershipAutomationControllerTest" time="0.25">
        </testcase>
        <testcase name="testGetOfficerNotificationEmails_Success" classname="CVMAMembershipAutomationControllerTest" time="0.07">
        </testcase>
        <testcase name="testSecurityEnforcement" classname="CVMAMembershipAutomationControllerTest" time="0.03">
        </testcase>
        <testcase name="testValidateMembershipApplication_ExistingMembership" classname="CVMAMembershipAutomationControllerTest" time="0.02">
        </testcase>
        <testcase name="testValidateMembershipApplication_InvalidEmail" classname="CVMAMembershipAutomationControllerTest" time="0.01">
        </testcase>
        <testcase name="testValidateMembershipApplication_MissingRequiredFields" classname="CVMAMembershipAutomationControllerTest" time="0.01">
        </testcase>
        <testcase name="testValidateMembershipApplication_MultipleApplications" classname="CVMAMembershipAutomationControllerTest" time="0.02">
        </testcase>
        <testcase name="testValidateMembershipApplication_ValidData" classname="CVMAMembershipAutomationControllerTest" time="0.02">
        </testcase>
        <testcase name="testBulkAccessValidations" classname="CVMAMemberAccessControllerTest" time="0.20">
        </testcase>
        <testcase name="testGetGuestUserAccess" classname="CVMAMemberAccessControllerTest" time="0.05">
        </testcase>
        <testcase name="testPerformanceWithLargeUserBase" classname="CVMAMemberAccessControllerTest" time="0.03">
        </testcase>
        <testcase name="testSecurityEnforcement" classname="CVMAMemberAccessControllerTest" time="0.05">
        </testcase>
        <testcase name="testUpdateAccessPreferences_NoContact" classname="CVMAMemberAccessControllerTest" time="0.04">
        </testcase>
        <testcase name="testUpdateMemberAccessPreferences" classname="CVMAMemberAccessControllerTest" time="0.03">
        </testcase>
        <testcase name="testValidateResourceAccess" classname="CVMAMemberAccessControllerTest" time="0.06">
        </testcase>
        <testcase name="testValidateResourceAccess_RestrictedResource" classname="CVMAMemberAccessControllerTest" time="0.06">
        </testcase>
        <testcase name="testValidateUserAccess_AuthenticatedMember" classname="CVMAMemberAccessControllerTest" time="0.05">
        </testcase>
        <testcase name="testValidateUserAccess_InvalidUser" classname="CVMAMemberAccessControllerTest" time="0.03">
        </testcase>
        <testcase name="testVerifyMemberEligibility" classname="CVMAMemberAccessControllerTest" time="0.06">
        </testcase>
        <testcase name="testVerifyMemberEligibility_NonVeteran" classname="CVMAMemberAccessControllerTest" time="1.17">
        </testcase>
        <testcase name="testAuthenticateFullMember" classname="CVMAMemberAuthQuickTest" time="0.08">
        </testcase>
        <testcase name="testAuthenticateSupportMember" classname="CVMAMemberAuthQuickTest" time="0.04">
        </testcase>
        <testcase name="testInvalidCredentials" classname="CVMAMemberAuthQuickTest" time="0.06">
            <failure message="System.AssertException: Assertion Failed: Should return appropriate error"><![CDATA[Class.CVMAMemberAuthQuickTest.testInvalidCredentials: line 61, column 1]]></failure>
        </testcase>
        <testcase name="testMemberEpic8Access" classname="CVMAMemberAuthQuickTest" time="0.05">
        </testcase>
        <testcase name="testSecurityEnforcement" classname="CVMAMemberAuthQuickTest" time="0.08">
        </testcase>
        <testcase name="LightningForgotPasswordControllerInstantiation" classname="LightningForgotPasswordControllerTest" time="0.07">
        </testcase>
        <testcase name="testLightningForgotPasswordControllerInvalidUserName" classname="LightningForgotPasswordControllerTest" time="0.01">
        </testcase>
        <testcase name="testLightningForgotPasswordControllerWithNullCheckEmailRef" classname="LightningForgotPasswordControllerTest" time="0.00">
        </testcase>
        <testcase name="testDevelopmentMetricsWrapperClass" classname="CVMAUsageTrackingControllerTest" time="0.04">
        </testcase>
        <testcase name="testEpicProgressWrapperClass" classname="CVMAUsageTrackingControllerTest" time="0.01">
        </testcase>
        <testcase name="testErrorHandling_ExportUsageMetrics" classname="CVMAUsageTrackingControllerTest" time="0.01">
        </testcase>
        <testcase name="testErrorHandling_GetClaudeCodeUsage" classname="CVMAUsageTrackingControllerTest" time="0.01">
        </testcase>
        <testcase name="testErrorHandling_GetUsageMetrics" classname="CVMAUsageTrackingControllerTest" time="0.01">
        </testcase>
        <testcase name="testExportUsageMetrics_Success" classname="CVMAUsageTrackingControllerTest" time="0.01">
        </testcase>
        <testcase name="testGetClaudeCodeUsage_Success" classname="CVMAUsageTrackingControllerTest" time="0.01">
        </testcase>
        <testcase name="testGetUsageMetrics_Success" classname="CVMAUsageTrackingControllerTest" time="0.01">
        </testcase>
        <testcase name="testSessionMetricsWrapperClass" classname="CVMAUsageTrackingControllerTest" time="0.01">
        </testcase>
        <testcase name="LightningSelfRegisterControllerInstantiation" classname="LightningSelfRegisterControllerTest" time="0.04">
        </testcase>
        <testcase name="testGetExtraFieldsInSelfRegistration" classname="LightningSelfRegisterControllerTest" time="0.02">
        </testcase>
        <testcase name="testGetNonEmptyExtraFields" classname="LightningSelfRegisterControllerTest" time="0.01">
        </testcase>
        <testcase name="testGetNullExtraFields" classname="LightningSelfRegisterControllerTest" time="0.01">
        </testcase>
        <testcase name="testIsValidPassword" classname="LightningSelfRegisterControllerTest" time="0.00">
        </testcase>
        <testcase name="testSelfRegisterWithCreatedAccount" classname="LightningSelfRegisterControllerTest" time="1.71">
        </testcase>
        <testcase name="testSelfRegisterWithProperCredentials" classname="LightningSelfRegisterControllerTest" time="0.01">
        </testcase>
        <testcase name="testSelfRegistration" classname="LightningSelfRegisterControllerTest" time="0.01">
        </testcase>
        <testcase name="testSiteAsContainerEnabled" classname="LightningSelfRegisterControllerTest" time="0.03">
        </testcase>
        <testcase name="LightningLoginFormControllerInstantiation" classname="LightningLoginFormControllerTest" time="0.05">
        </testcase>
        <testcase name="testAuthConfig" classname="LightningLoginFormControllerTest" time="0.02">
        </testcase>
        <testcase name="testGetSelfRegistrationURL" classname="LightningLoginFormControllerTest" time="0.01">
        </testcase>
        <testcase name="testIsSelfRegistrationEnabled" classname="LightningLoginFormControllerTest" time="0.01">
        </testcase>
        <testcase name="testIsUsernamePasswordEnabled" classname="LightningLoginFormControllerTest" time="0.03">
        </testcase>
        <testcase name="testMicrobatchSelfRegController" classname="MicrobatchSelfRegControllerTest" time="0.06">
        </testcase>
        <testcase name="testBulkOperations" classname="CVMAVeteranResourceFinderControllerTest" time="0.27">
        </testcase>
        <testcase name="testErrorHandling" classname="CVMAVeteranResourceFinderControllerTest" time="0.02">
        </testcase>
        <testcase name="testGetResourceRatingsAndReviews" classname="CVMAVeteranResourceFinderControllerTest" time="0.06">
        </testcase>
        <testcase name="testGetVeteranResourceDirectory_Success" classname="CVMAVeteranResourceFinderControllerTest" time="0.06">
        </testcase>
        <testcase name="testMemberEligibilityProfile" classname="CVMAVeteranResourceFinderControllerTest" time="0.03">
            <failure message="System.AssertException: Assertion Failed: Search should be successful: Expected: true, Actual: false"><![CDATA[Class.CVMAVeteranResourceFinderControllerTest.testMemberEligibilityProfile: line 278, column 1]]></failure>
        </testcase>
        <testcase name="testPerformanceWithLargeResults" classname="CVMAVeteranResourceFinderControllerTest" time="0.04">
        </testcase>
        <testcase name="testSearchVeteranResources_EmptySearch" classname="CVMAVeteranResourceFinderControllerTest" time="0.06">
        </testcase>
        <testcase name="testSearchVeteranResources_GuestUser" classname="CVMAVeteranResourceFinderControllerTest" time="0.02">
            <failure message="System.AssertException: Assertion Failed: Search should be successful: Expected: true, Actual: false"><![CDATA[Class.CVMAVeteranResourceFinderControllerTest.testSearchVeteranResources_GuestUser: line 131, column 1]]></failure>
        </testcase>
        <testcase name="testSearchVeteranResources_WithAllFilters" classname="CVMAVeteranResourceFinderControllerTest" time="0.03">
            <failure message="System.AssertException: Assertion Failed: Search should be successful: Expected: true, Actual: false"><![CDATA[Class.CVMAVeteranResourceFinderControllerTest.testSearchVeteranResources_WithAllFilters: line 109, column 1]]></failure>
        </testcase>
        <testcase name="testSecurityEnforcement" classname="CVMAVeteranResourceFinderControllerTest" time="0.04">
        </testcase>
        <testcase name="testSubmitResourceReview" classname="CVMAVeteranResourceFinderControllerTest" time="0.20">
        </testcase>
        <testcase name="testSubmitResourceReview_InvalidRating" classname="CVMAVeteranResourceFinderControllerTest" time="0.19">
        </testcase>
        <testcase name="testCommunitiesSelfRegConfirmController" classname="CommunitiesSelfRegConfirmControllerTest" time="0.04">
        </testcase>
        <testcase name="testCreateServiceCoordinationCase_InvalidData" classname="CVMAVAServicesIntegrationControllerTest" time="0.04">
        </testcase>
        <testcase name="testCreateServiceCoordinationCase_Success" classname="CVMAVAServicesIntegrationControllerTest" time="0.19">
        </testcase>
        <testcase name="testErrorHandling_InvalidContactId" classname="CVMAVAServicesIntegrationControllerTest" time="0.12">
        </testcase>
        <testcase name="testGetAdvocacySupport" classname="CVMAVAServicesIntegrationControllerTest" time="0.15">
        </testcase>
        <testcase name="testGetBenefitsCoordination_Healthcare" classname="CVMAVAServicesIntegrationControllerTest" time="0.11">
        </testcase>
        <testcase name="testGetVAAppointmentAssistance" classname="CVMAVAServicesIntegrationControllerTest" time="0.10">
        </testcase>
        <testcase name="testGetVAServicesIntegration_Success" classname="CVMAVAServicesIntegrationControllerTest" time="0.08">
        </testcase>
        <testcase name="testSecurityEnforcement" classname="CVMAVAServicesIntegrationControllerTest" time="0.07">
        </testcase>
        <testcase name="testAddMemberToEvent" classname="CVMAEventControllerLDSTest" time="0.00">
            <failure message="System.DmlException: Insert failed. First exception on row 0; first error: FIELD_CUSTOM_VALIDATION_EXCEPTION, Failed to create Account for Contact Test Member2. Use one of these records?: []"><![CDATA[Class.CVMATestDataFactory.ContactBuilder.create: line 130, column 1
Class.CVMAEventControllerLDSTest.setupTestData: line 32, column 1]]></failure>
        </testcase>
        <testcase name="testAddMemberToEventDuplicate" classname="CVMAEventControllerLDSTest" time="0.00">
            <failure message="System.DmlException: Insert failed. First exception on row 0; first error: FIELD_CUSTOM_VALIDATION_EXCEPTION, Failed to create Account for Contact Test Member2. Use one of these records?: []"><![CDATA[Class.CVMATestDataFactory.ContactBuilder.create: line 130, column 1
Class.CVMAEventControllerLDSTest.setupTestData: line 32, column 1]]></failure>
        </testcase>
        <testcase name="testBulkOperations" classname="CVMAEventControllerLDSTest" time="0.00">
            <failure message="System.DmlException: Insert failed. First exception on row 0; first error: FIELD_CUSTOM_VALIDATION_EXCEPTION, Failed to create Account for Contact Test Member2. Use one of these records?: []"><![CDATA[Class.CVMATestDataFactory.ContactBuilder.create: line 130, column 1
Class.CVMAEventControllerLDSTest.setupTestData: line 32, column 1]]></failure>
        </testcase>
        <testcase name="testCreateRecurringEvents" classname="CVMAEventControllerLDSTest" time="0.00">
            <failure message="System.DmlException: Insert failed. First exception on row 0; first error: FIELD_CUSTOM_VALIDATION_EXCEPTION, Failed to create Account for Contact Test Member2. Use one of these records?: []"><![CDATA[Class.CVMATestDataFactory.ContactBuilder.create: line 130, column 1
Class.CVMAEventControllerLDSTest.setupTestData: line 32, column 1]]></failure>
        </testcase>
        <testcase name="testCreateRecurringEventsInvalidParams" classname="CVMAEventControllerLDSTest" time="0.00">
            <failure message="System.DmlException: Insert failed. First exception on row 0; first error: FIELD_CUSTOM_VALIDATION_EXCEPTION, Failed to create Account for Contact Test Member2. Use one of these records?: []"><![CDATA[Class.CVMATestDataFactory.ContactBuilder.create: line 130, column 1
Class.CVMAEventControllerLDSTest.setupTestData: line 32, column 1]]></failure>
        </testcase>
        <testcase name="testCreateRecurringEventsMonthly" classname="CVMAEventControllerLDSTest" time="0.00">
            <failure message="System.DmlException: Insert failed. First exception on row 0; first error: FIELD_CUSTOM_VALIDATION_EXCEPTION, Failed to create Account for Contact Test Member2. Use one of these records?: []"><![CDATA[Class.CVMATestDataFactory.ContactBuilder.create: line 130, column 1
Class.CVMAEventControllerLDSTest.setupTestData: line 32, column 1]]></failure>
        </testcase>
        <testcase name="testErrorHandling" classname="CVMAEventControllerLDSTest" time="0.00">
            <failure message="System.DmlException: Insert failed. First exception on row 0; first error: FIELD_CUSTOM_VALIDATION_EXCEPTION, Failed to create Account for Contact Test Member2. Use one of these records?: []"><![CDATA[Class.CVMATestDataFactory.ContactBuilder.create: line 130, column 1
Class.CVMAEventControllerLDSTest.setupTestData: line 32, column 1]]></failure>
        </testcase>
        <testcase name="testGetEventStats" classname="CVMAEventControllerLDSTest" time="0.00">
            <failure message="System.DmlException: Insert failed. First exception on row 0; first error: FIELD_CUSTOM_VALIDATION_EXCEPTION, Failed to create Account for Contact Test Member2. Use one of these records?: []"><![CDATA[Class.CVMATestDataFactory.ContactBuilder.create: line 130, column 1
Class.CVMAEventControllerLDSTest.setupTestData: line 32, column 1]]></failure>
        </testcase>
        <testcase name="testGetEventStatsUnlimitedCapacity" classname="CVMAEventControllerLDSTest" time="0.00">
            <failure message="System.DmlException: Insert failed. First exception on row 0; first error: FIELD_CUSTOM_VALIDATION_EXCEPTION, Failed to create Account for Contact Test Member2. Use one of these records?: []"><![CDATA[Class.CVMATestDataFactory.ContactBuilder.create: line 130, column 1
Class.CVMAEventControllerLDSTest.setupTestData: line 32, column 1]]></failure>
        </testcase>
        <testcase name="testGetEventTypes" classname="CVMAEventControllerLDSTest" time="0.00">
            <failure message="System.DmlException: Insert failed. First exception on row 0; first error: FIELD_CUSTOM_VALIDATION_EXCEPTION, Failed to create Account for Contact Test Member2. Use one of these records?: []"><![CDATA[Class.CVMATestDataFactory.ContactBuilder.create: line 130, column 1
Class.CVMAEventControllerLDSTest.setupTestData: line 32, column 1]]></failure>
        </testcase>
        <testcase name="testGetUpcomingEventsSummary" classname="CVMAEventControllerLDSTest" time="0.00">
            <failure message="System.DmlException: Insert failed. First exception on row 0; first error: FIELD_CUSTOM_VALIDATION_EXCEPTION, Failed to create Account for Contact Test Member2. Use one of these records?: []"><![CDATA[Class.CVMATestDataFactory.ContactBuilder.create: line 130, column 1
Class.CVMAEventControllerLDSTest.setupTestData: line 32, column 1]]></failure>
        </testcase>
        <testcase name="testCommunitiesSelfRegController" classname="CommunitiesSelfRegControllerTest" time="0.02">
        </testcase>
        <testcase name="testAnalyticsWithNoData" classname="CVMAEinsteinAnalyticsControllerTest" time="0.00">
            <failure message="System.DmlException: Insert failed. First exception on row 0; first error: FIELD_CUSTOM_VALIDATION_EXCEPTION, Failed to create Account for Contact HighEngagement Member1. Use one of these records?: []"><![CDATA[Class.CVMATestDataFactory.ContactBuilder.create: line 130, column 1
Class.CVMAEinsteinAnalyticsControllerTest.setupTestData: line 29, column 1]]></failure>
        </testcase>
        <testcase name="testCaching" classname="CVMAEinsteinAnalyticsControllerTest" time="0.00">
            <failure message="System.DmlException: Insert failed. First exception on row 0; first error: FIELD_CUSTOM_VALIDATION_EXCEPTION, Failed to create Account for Contact HighEngagement Member1. Use one of these records?: []"><![CDATA[Class.CVMATestDataFactory.ContactBuilder.create: line 130, column 1
Class.CVMAEinsteinAnalyticsControllerTest.setupTestData: line 29, column 1]]></failure>
        </testcase>
        <testcase name="testChurnRiskMembers" classname="CVMAEinsteinAnalyticsControllerTest" time="0.00">
            <failure message="System.DmlException: Insert failed. First exception on row 0; first error: FIELD_CUSTOM_VALIDATION_EXCEPTION, Failed to create Account for Contact HighEngagement Member1. Use one of these records?: []"><![CDATA[Class.CVMATestDataFactory.ContactBuilder.create: line 130, column 1
Class.CVMAEinsteinAnalyticsControllerTest.setupTestData: line 29, column 1]]></failure>
        </testcase>
        <testcase name="testEngagementTrendAnalysis" classname="CVMAEinsteinAnalyticsControllerTest" time="0.00">
            <failure message="System.DmlException: Insert failed. First exception on row 0; first error: FIELD_CUSTOM_VALIDATION_EXCEPTION, Failed to create Account for Contact HighEngagement Member1. Use one of these records?: []"><![CDATA[Class.CVMATestDataFactory.ContactBuilder.create: line 130, column 1
Class.CVMAEinsteinAnalyticsControllerTest.setupTestData: line 29, column 1]]></failure>
        </testcase>
        <testcase name="testErrorHandling" classname="CVMAEinsteinAnalyticsControllerTest" time="0.00">
            <failure message="System.DmlException: Insert failed. First exception on row 0; first error: FIELD_CUSTOM_VALIDATION_EXCEPTION, Failed to create Account for Contact HighEngagement Member1. Use one of these records?: []"><![CDATA[Class.CVMATestDataFactory.ContactBuilder.create: line 130, column 1
Class.CVMAEinsteinAnalyticsControllerTest.setupTestData: line 29, column 1]]></failure>
        </testcase>
        <testcase name="testGetEinsteinPredictiveAnalytics" classname="CVMAEinsteinAnalyticsControllerTest" time="0.00">
            <failure message="System.DmlException: Insert failed. First exception on row 0; first error: FIELD_CUSTOM_VALIDATION_EXCEPTION, Failed to create Account for Contact HighEngagement Member1. Use one of these records?: []"><![CDATA[Class.CVMATestDataFactory.ContactBuilder.create: line 130, column 1
Class.CVMAEinsteinAnalyticsControllerTest.setupTestData: line 29, column 1]]></failure>
        </testcase>
        <testcase name="testModelPerformanceMetrics" classname="CVMAEinsteinAnalyticsControllerTest" time="0.00">
            <failure message="System.DmlException: Insert failed. First exception on row 0; first error: FIELD_CUSTOM_VALIDATION_EXCEPTION, Failed to create Account for Contact HighEngagement Member1. Use one of these records?: []"><![CDATA[Class.CVMATestDataFactory.ContactBuilder.create: line 130, column 1
Class.CVMAEinsteinAnalyticsControllerTest.setupTestData: line 29, column 1]]></failure>
        </testcase>
        <testcase name="testContentSanitization" classname="CVMAGuestCalendarHelperTest" time="0.00">
            <failure message="System.DmlException: Insert failed. First exception on row 0; first error: INVALID_OR_NULL_FOR_RESTRICTED_PICKLIST, Level: bad value for restricted picklist field: Associate Member: [Level__c]"><![CDATA[Class.CVMATestDataFactory.ContactBuilder.create: line 130, column 1
Class.CVMAGuestCalendarHelperTest.makeData: line 33, column 1]]></failure>
        </testcase>
        <testcase name="testErrorHandling" classname="CVMAGuestCalendarHelperTest" time="0.00">
            <failure message="System.DmlException: Insert failed. First exception on row 0; first error: INVALID_OR_NULL_FOR_RESTRICTED_PICKLIST, Level: bad value for restricted picklist field: Associate Member: [Level__c]"><![CDATA[Class.CVMATestDataFactory.ContactBuilder.create: line 130, column 1
Class.CVMAGuestCalendarHelperTest.makeData: line 33, column 1]]></failure>
        </testcase>
        <testcase name="testGetCurrentMonthPublicEvents" classname="CVMAGuestCalendarHelperTest" time="0.00">
            <failure message="System.DmlException: Insert failed. First exception on row 0; first error: INVALID_OR_NULL_FOR_RESTRICTED_PICKLIST, Level: bad value for restricted picklist field: Associate Member: [Level__c]"><![CDATA[Class.CVMATestDataFactory.ContactBuilder.create: line 130, column 1
Class.CVMAGuestCalendarHelperTest.makeData: line 33, column 1]]></failure>
        </testcase>
        <testcase name="testGetPublicCalendarEvents_NullDates" classname="CVMAGuestCalendarHelperTest" time="0.00">
            <failure message="System.DmlException: Insert failed. First exception on row 0; first error: INVALID_OR_NULL_FOR_RESTRICTED_PICKLIST, Level: bad value for restricted picklist field: Associate Member: [Level__c]"><![CDATA[Class.CVMATestDataFactory.ContactBuilder.create: line 130, column 1
Class.CVMAGuestCalendarHelperTest.makeData: line 33, column 1]]></failure>
        </testcase>
        <testcase name="testGetPublicCalendarEvents_Success" classname="CVMAGuestCalendarHelperTest" time="0.00">
            <failure message="System.DmlException: Insert failed. First exception on row 0; first error: INVALID_OR_NULL_FOR_RESTRICTED_PICKLIST, Level: bad value for restricted picklist field: Associate Member: [Level__c]"><![CDATA[Class.CVMATestDataFactory.ContactBuilder.create: line 130, column 1
Class.CVMAGuestCalendarHelperTest.makeData: line 33, column 1]]></failure>
        </testcase>
        <testcase name="testGetPublicEventDetails_InvalidId" classname="CVMAGuestCalendarHelperTest" time="0.00">
            <failure message="System.DmlException: Insert failed. First exception on row 0; first error: INVALID_OR_NULL_FOR_RESTRICTED_PICKLIST, Level: bad value for restricted picklist field: Associate Member: [Level__c]"><![CDATA[Class.CVMATestDataFactory.ContactBuilder.create: line 130, column 1
Class.CVMAGuestCalendarHelperTest.makeData: line 33, column 1]]></failure>
        </testcase>
        <testcase name="testGetPublicEventDetails_PrivateEvent" classname="CVMAGuestCalendarHelperTest" time="0.00">
            <failure message="System.DmlException: Insert failed. First exception on row 0; first error: INVALID_OR_NULL_FOR_RESTRICTED_PICKLIST, Level: bad value for restricted picklist field: Associate Member: [Level__c]"><![CDATA[Class.CVMATestDataFactory.ContactBuilder.create: line 130, column 1
Class.CVMAGuestCalendarHelperTest.makeData: line 33, column 1]]></failure>
        </testcase>
        <testcase name="testGetPublicEventDetails_Success" classname="CVMAGuestCalendarHelperTest" time="0.00">
            <failure message="System.DmlException: Insert failed. First exception on row 0; first error: INVALID_OR_NULL_FOR_RESTRICTED_PICKLIST, Level: bad value for restricted picklist field: Associate Member: [Level__c]"><![CDATA[Class.CVMATestDataFactory.ContactBuilder.create: line 130, column 1
Class.CVMAGuestCalendarHelperTest.makeData: line 33, column 1]]></failure>
        </testcase>
        <testcase name="testGetPublicRSVPSummary_NoCampaignMembers" classname="CVMAGuestCalendarHelperTest" time="0.00">
            <failure message="System.DmlException: Insert failed. First exception on row 0; first error: INVALID_OR_NULL_FOR_RESTRICTED_PICKLIST, Level: bad value for restricted picklist field: Associate Member: [Level__c]"><![CDATA[Class.CVMATestDataFactory.ContactBuilder.create: line 130, column 1
Class.CVMAGuestCalendarHelperTest.makeData: line 33, column 1]]></failure>
        </testcase>
        <testcase name="testGetPublicRSVPSummary_NullCampaign" classname="CVMAGuestCalendarHelperTest" time="0.00">
            <failure message="System.DmlException: Insert failed. First exception on row 0; first error: INVALID_OR_NULL_FOR_RESTRICTED_PICKLIST, Level: bad value for restricted picklist field: Associate Member: [Level__c]"><![CDATA[Class.CVMATestDataFactory.ContactBuilder.create: line 130, column 1
Class.CVMAGuestCalendarHelperTest.makeData: line 33, column 1]]></failure>
        </testcase>
        <testcase name="testGetPublicRSVPSummary_Success" classname="CVMAGuestCalendarHelperTest" time="0.00">
            <failure message="System.DmlException: Insert failed. First exception on row 0; first error: INVALID_OR_NULL_FOR_RESTRICTED_PICKLIST, Level: bad value for restricted picklist field: Associate Member: [Level__c]"><![CDATA[Class.CVMATestDataFactory.ContactBuilder.create: line 130, column 1
Class.CVMAGuestCalendarHelperTest.makeData: line 33, column 1]]></failure>
        </testcase>
        <testcase name="testLimitEnforcement" classname="CVMAGuestCalendarHelperTest" time="0.00">
            <failure message="System.DmlException: Insert failed. First exception on row 0; first error: INVALID_OR_NULL_FOR_RESTRICTED_PICKLIST, Level: bad value for restricted picklist field: Associate Member: [Level__c]"><![CDATA[Class.CVMATestDataFactory.ContactBuilder.create: line 130, column 1
Class.CVMAGuestCalendarHelperTest.makeData: line 33, column 1]]></failure>
        </testcase>
        <testcase name="testSecurityBoundaries" classname="CVMAGuestCalendarHelperTest" time="0.00">
            <failure message="System.DmlException: Insert failed. First exception on row 0; first error: INVALID_OR_NULL_FOR_RESTRICTED_PICKLIST, Level: bad value for restricted picklist field: Associate Member: [Level__c]"><![CDATA[Class.CVMATestDataFactory.ContactBuilder.create: line 130, column 1
Class.CVMAGuestCalendarHelperTest.makeData: line 33, column 1]]></failure>
        </testcase>
        <testcase name="testBulkDataHandling" classname="CVMAMockGovIntegrationHelperTest" time="0.00">
            <failure message="System.DmlException: Insert failed. First exception on row 0; first error: DUPLICATES_DETECTED, Use one of these records?: []"><![CDATA[Class.CVMATestDataFactory.ContactBuilder.create: line 130, column 1
Class.CVMATestDataFactory.setupBasicTestData: line 515, column 1
Class.CVMAMockGovIntegrationHelperTest.setupTestData: line 13, column 1]]></failure>
        </testcase>
        <testcase name="testCachingFunctionality" classname="CVMAMockGovIntegrationHelperTest" time="0.00">
            <failure message="System.DmlException: Insert failed. First exception on row 0; first error: DUPLICATES_DETECTED, Use one of these records?: []"><![CDATA[Class.CVMATestDataFactory.ContactBuilder.create: line 130, column 1
Class.CVMATestDataFactory.setupBasicTestData: line 515, column 1
Class.CVMAMockGovIntegrationHelperTest.setupTestData: line 13, column 1]]></failure>
        </testcase>
        <testcase name="testDisabilityRatingDistribution" classname="CVMAMockGovIntegrationHelperTest" time="0.00">
            <failure message="System.DmlException: Insert failed. First exception on row 0; first error: DUPLICATES_DETECTED, Use one of these records?: []"><![CDATA[Class.CVMATestDataFactory.ContactBuilder.create: line 130, column 1
Class.CVMATestDataFactory.setupBasicTestData: line 515, column 1
Class.CVMAMockGovIntegrationHelperTest.setupTestData: line 13, column 1]]></failure>
        </testcase>
        <testcase name="testErrorHandlingInvalidContactId" classname="CVMAMockGovIntegrationHelperTest" time="0.00">
            <failure message="System.DmlException: Insert failed. First exception on row 0; first error: DUPLICATES_DETECTED, Use one of these records?: []"><![CDATA[Class.CVMATestDataFactory.ContactBuilder.create: line 130, column 1
Class.CVMATestDataFactory.setupBasicTestData: line 515, column 1
Class.CVMAMockGovIntegrationHelperTest.setupTestData: line 13, column 1]]></failure>
        </testcase>
        <testcase name="testErrorHandlingNullContactId" classname="CVMAMockGovIntegrationHelperTest" time="0.00">
            <failure message="System.DmlException: Insert failed. First exception on row 0; first error: DUPLICATES_DETECTED, Use one of these records?: []"><![CDATA[Class.CVMATestDataFactory.ContactBuilder.create: line 130, column 1
Class.CVMATestDataFactory.setupBasicTestData: line 515, column 1
Class.CVMAMockGovIntegrationHelperTest.setupTestData: line 13, column 1]]></failure>
        </testcase>
        <testcase name="testGetBenefitRecommendations" classname="CVMAMockGovIntegrationHelperTest" time="0.00">
            <failure message="System.DmlException: Insert failed. First exception on row 0; first error: DUPLICATES_DETECTED, Use one of these records?: []"><![CDATA[Class.CVMATestDataFactory.ContactBuilder.create: line 130, column 1
Class.CVMATestDataFactory.setupBasicTestData: line 515, column 1
Class.CVMAMockGovIntegrationHelperTest.setupTestData: line 13, column 1]]></failure>
        </testcase>
        <testcase name="testGetDODRecordsSimple" classname="CVMAMockGovIntegrationHelperTest" time="0.00">
            <failure message="System.DmlException: Insert failed. First exception on row 0; first error: DUPLICATES_DETECTED, Use one of these records?: []"><![CDATA[Class.CVMATestDataFactory.ContactBuilder.create: line 130, column 1
Class.CVMATestDataFactory.setupBasicTestData: line 515, column 1
Class.CVMAMockGovIntegrationHelperTest.setupTestData: line 13, column 1]]></failure>
        </testcase>
        <testcase name="testGetVABenefitsSimple" classname="CVMAMockGovIntegrationHelperTest" time="0.00">
            <failure message="System.DmlException: Insert failed. First exception on row 0; first error: DUPLICATES_DETECTED, Use one of these records?: []"><![CDATA[Class.CVMATestDataFactory.ContactBuilder.create: line 130, column 1
Class.CVMATestDataFactory.setupBasicTestData: line 515, column 1
Class.CVMAMockGovIntegrationHelperTest.setupTestData: line 13, column 1]]></failure>
        </testcase>
        <testcase name="testSecurityEnforcement" classname="CVMAMockGovIntegrationHelperTest" time="0.00">
            <failure message="System.DmlException: Insert failed. First exception on row 0; first error: DUPLICATES_DETECTED, Use one of these records?: []"><![CDATA[Class.CVMATestDataFactory.ContactBuilder.create: line 130, column 1
Class.CVMATestDataFactory.setupBasicTestData: line 515, column 1
Class.CVMAMockGovIntegrationHelperTest.setupTestData: line 13, column 1]]></failure>
        </testcase>
        <testcase name="testServiceBranchVariety" classname="CVMAMockGovIntegrationHelperTest" time="0.00">
            <failure message="System.DmlException: Insert failed. First exception on row 0; first error: DUPLICATES_DETECTED, Use one of these records?: []"><![CDATA[Class.CVMATestDataFactory.ContactBuilder.create: line 130, column 1
Class.CVMATestDataFactory.setupBasicTestData: line 515, column 1
Class.CVMAMockGovIntegrationHelperTest.setupTestData: line 13, column 1]]></failure>
        </testcase>
        <testcase name="testEmptyDataHandling" classname="CVMANPSPFinancialControllerTest" time="1.30">
        </testcase>
        <testcase name="testGetCampaignROIAnalytics" classname="CVMANPSPFinancialControllerTest" time="0.15">
            <failure message="System.AssertException: Assertion Failed: Should have 1 positive response: Expected: 1, Actual: 0"><![CDATA[Class.CVMANPSPFinancialControllerTest.testGetCampaignROIAnalytics: line 230, column 1]]></failure>
        </testcase>
        <testcase name="testGetNPSPFinancialSummary" classname="CVMANPSPFinancialControllerTest" time="0.13">
        </testcase>
        <testcase name="testNPSPHouseholdGiving" classname="CVMANPSPFinancialControllerTest" time="0.11">
        </testcase>
        <testcase name="testNPSPIntegrationWithoutPermissions" classname="CVMANPSPFinancialControllerTest" time="0.12">
            <failure message="System.AssertException: Assertion Failed: Should throw exception for unauthorized user"><![CDATA[Class.CVMANPSPFinancialControllerTest.testNPSPIntegrationWithoutPermissions: line 335, column 1]]></failure>
        </testcase>
        <testcase name="testRegionMapping" classname="CVMANPSPFinancialControllerTest" time="0.12">
        </testcase>
        <testcase name="testTopDonorAnalytics" classname="CVMANPSPFinancialControllerTest" time="0.13">
        </testcase>
        <testcase name="testBulkOperations_GovernorLimits" classname="CVMACEBDocumentationControllerSimpleTest" time="0.27">
        </testcase>
        <testcase name="testCEBAccessValidation_ProfileChecking" classname="CVMACEBDocumentationControllerSimpleTest" time="0.07">
        </testcase>
        <testcase name="testCEBAccessValidation_SystemAdministrator_Granted" classname="CVMACEBDocumentationControllerSimpleTest" time="0.07">
        </testcase>
        <testcase name="testDataConsistency_CacheableMethods" classname="CVMACEBDocumentationControllerSimpleTest" time="0.10">
        </testcase>
        <testcase name="testGetCEBDocumentCategories_AuthorizedUser_Success" classname="CVMACEBDocumentationControllerSimpleTest" time="0.08">
        </testcase>
        <testcase name="testGetCEBDocumentCategories_ErrorHandling" classname="CVMACEBDocumentationControllerSimpleTest" time="0.07">
        </testcase>
        <testcase name="testGetCEBDocumentCategories_UnauthorizedUser_AccessDenied" classname="CVMACEBDocumentationControllerSimpleTest" time="0.55">
            <failure message="System.AssertException: Assertion Failed: Should indicate access denied"><![CDATA[Class.CVMACEBDocumentationControllerSimpleTest.testGetCEBDocumentCategories_UnauthorizedUser_AccessDenied: line 142, column 1]]></failure>
        </testcase>
        <testcase name="testGetCEBDocumentationAnalytics_AuthorizedUser_Success" classname="CVMACEBDocumentationControllerSimpleTest" time="0.07">
        </testcase>
        <testcase name="testGetCEBDocumentationAnalytics_ErrorHandling" classname="CVMACEBDocumentationControllerSimpleTest" time="0.07">
        </testcase>
        <testcase name="testGetCEBDocumentationAnalytics_UnauthorizedUser_AccessDenied" classname="CVMACEBDocumentationControllerSimpleTest" time="0.54">
            <failure message="System.AssertException: Assertion Failed: Should indicate access denied"><![CDATA[Class.CVMACEBDocumentationControllerSimpleTest.testGetCEBDocumentationAnalytics_UnauthorizedUser_AccessDenied: line 212, column 1]]></failure>
        </testcase>
        <testcase name="testMethodVisibility_AuraEnabledMethods" classname="CVMACEBDocumentationControllerSimpleTest" time="0.08">
        </testcase>
        <testcase name="testSecurity_DifferentUserContexts" classname="CVMACEBDocumentationControllerSimpleTest" time="0.09">
        </testcase>
        <testcase name="testDashboardDataIntegrity" classname="CVMAEpic8Phase3ControllerTest" time="0.02">
        </testcase>
        <testcase name="testGetAdvancedAutomationEngine_Success" classname="CVMAEpic8Phase3ControllerTest" time="0.01">
        </testcase>
        <testcase name="testGetCrossChapterAnalytics_Success" classname="CVMAEpic8Phase3ControllerTest" time="0.01">
        </testcase>
        <testcase name="testGetEnhancedMemberServices_InvalidId" classname="CVMAEpic8Phase3ControllerTest" time="2.71">
        </testcase>
        <testcase name="testGetEnhancedMemberServices_Success" classname="CVMAEpic8Phase3ControllerTest" time="0.04">
        </testcase>
        <testcase name="testGetEpic8Phase3Dashboard_Success" classname="CVMAEpic8Phase3ControllerTest" time="0.01">
        </testcase>
        <testcase name="testGetVeteranServicesIntegration_Success" classname="CVMAEpic8Phase3ControllerTest" time="0.01">
        </testcase>
        <testcase name="testMemberServiceRecommendations" classname="CVMAEpic8Phase3ControllerTest" time="0.04">
        </testcase>
        <testcase name="testPerformanceMetrics" classname="CVMAEpic8Phase3ControllerTest" time="0.01">
        </testcase>
        <testcase name="testSecurityEnforcement" classname="CVMAEpic8Phase3ControllerTest" time="0.04">
        </testcase>
        <testcase name="testSuccessIndicators" classname="CVMAEpic8Phase3ControllerTest" time="0.01">
        </testcase>
        <testcase name="testAuthenticateMember_AuxiliaryMember_Success" classname="CVMAMemberAuthenticationControllerTest" time="0.00">
            <failure message="System.DmlException: Insert failed. First exception on row 3; first error: INVALID_OR_NULL_FOR_RESTRICTED_PICKLIST, Level: bad value for restricted picklist field: Prospect: [Level__c]"><![CDATA[Class.CVMAMemberAuthenticationControllerTest.setupTestData: line 83, column 1]]></failure>
        </testcase>
        <testcase name="testAuthenticateMember_EmailMismatch" classname="CVMAMemberAuthenticationControllerTest" time="0.00">
            <failure message="System.DmlException: Insert failed. First exception on row 3; first error: INVALID_OR_NULL_FOR_RESTRICTED_PICKLIST, Level: bad value for restricted picklist field: Prospect: [Level__c]"><![CDATA[Class.CVMAMemberAuthenticationControllerTest.setupTestData: line 83, column 1]]></failure>
        </testcase>
        <testcase name="testAuthenticateMember_ExpiredMember_Success" classname="CVMAMemberAuthenticationControllerTest" time="0.00">
            <failure message="System.DmlException: Insert failed. First exception on row 3; first error: INVALID_OR_NULL_FOR_RESTRICTED_PICKLIST, Level: bad value for restricted picklist field: Prospect: [Level__c]"><![CDATA[Class.CVMAMemberAuthenticationControllerTest.setupTestData: line 83, column 1]]></failure>
        </testcase>
        <testcase name="testAuthenticateMember_FullMember_Success" classname="CVMAMemberAuthenticationControllerTest" time="0.00">
            <failure message="System.DmlException: Insert failed. First exception on row 3; first error: INVALID_OR_NULL_FOR_RESTRICTED_PICKLIST, Level: bad value for restricted picklist field: Prospect: [Level__c]"><![CDATA[Class.CVMAMemberAuthenticationControllerTest.setupTestData: line 83, column 1]]></failure>
        </testcase>
        <testcase name="testAuthenticateMember_InvalidCredentials" classname="CVMAMemberAuthenticationControllerTest" time="0.00">
            <failure message="System.DmlException: Insert failed. First exception on row 3; first error: INVALID_OR_NULL_FOR_RESTRICTED_PICKLIST, Level: bad value for restricted picklist field: Prospect: [Level__c]"><![CDATA[Class.CVMAMemberAuthenticationControllerTest.setupTestData: line 83, column 1]]></failure>
        </testcase>
        <testcase name="testAuthenticateMember_MissingParameters" classname="CVMAMemberAuthenticationControllerTest" time="0.00">
            <failure message="System.DmlException: Insert failed. First exception on row 3; first error: INVALID_OR_NULL_FOR_RESTRICTED_PICKLIST, Level: bad value for restricted picklist field: Prospect: [Level__c]"><![CDATA[Class.CVMAMemberAuthenticationControllerTest.setupTestData: line 83, column 1]]></failure>
        </testcase>
        <testcase name="testFeatureAccessByLevel" classname="CVMAMemberAuthenticationControllerTest" time="0.00">
            <failure message="System.DmlException: Insert failed. First exception on row 3; first error: INVALID_OR_NULL_FOR_RESTRICTED_PICKLIST, Level: bad value for restricted picklist field: Prospect: [Level__c]"><![CDATA[Class.CVMAMemberAuthenticationControllerTest.setupTestData: line 83, column 1]]></failure>
        </testcase>
        <testcase name="testGetMemberAnalyticsDashboard_Success" classname="CVMAMemberAuthenticationControllerTest" time="0.00">
            <failure message="System.DmlException: Insert failed. First exception on row 3; first error: INVALID_OR_NULL_FOR_RESTRICTED_PICKLIST, Level: bad value for restricted picklist field: Prospect: [Level__c]"><![CDATA[Class.CVMAMemberAuthenticationControllerTest.setupTestData: line 83, column 1]]></failure>
        </testcase>
        <testcase name="testGetMemberCrossChapterAccess_FullMember" classname="CVMAMemberAuthenticationControllerTest" time="0.00">
            <failure message="System.DmlException: Insert failed. First exception on row 3; first error: INVALID_OR_NULL_FOR_RESTRICTED_PICKLIST, Level: bad value for restricted picklist field: Prospect: [Level__c]"><![CDATA[Class.CVMAMemberAuthenticationControllerTest.setupTestData: line 83, column 1]]></failure>
        </testcase>
        <testcase name="testGetMemberCrossChapterAccess_Prospect" classname="CVMAMemberAuthenticationControllerTest" time="0.00">
            <failure message="System.DmlException: Insert failed. First exception on row 3; first error: INVALID_OR_NULL_FOR_RESTRICTED_PICKLIST, Level: bad value for restricted picklist field: Prospect: [Level__c]"><![CDATA[Class.CVMAMemberAuthenticationControllerTest.setupTestData: line 83, column 1]]></failure>
        </testcase>
        <testcase name="testGetMemberEpic8Access_FullMember" classname="CVMAMemberAuthenticationControllerTest" time="0.00">
            <failure message="System.DmlException: Insert failed. First exception on row 3; first error: INVALID_OR_NULL_FOR_RESTRICTED_PICKLIST, Level: bad value for restricted picklist field: Prospect: [Level__c]"><![CDATA[Class.CVMAMemberAuthenticationControllerTest.setupTestData: line 83, column 1]]></failure>
        </testcase>
        <testcase name="testGetMemberEpic8Access_SupportMember" classname="CVMAMemberAuthenticationControllerTest" time="0.00">
[...]
        </testcase>
        <testcase name="testSharingRulesEffectiveness" classname="CVMAGuestUserSchedulerAccessTest" time="0.65">
        </testcase>
        <testcase name="testCommunityConfiguration" classname="CVMAExperienceBuilderIntegrationTest" time="0.00">
            <failure message="System.DmlException: Insert failed. First exception on row 0; first error: REQUIRED_FIELD_MISSING, Required fields are missing: [Membership_Id__c]: [Membership_Id__c]"><![CDATA[Class.CVMAExperienceBuilderIntegrationTest.setupCommunityTestData: line 31, column 1]]></failure>
        </testcase>
        <testcase name="testComponentDataAccess" classname="CVMAExperienceBuilderIntegrationTest" time="0.00">
            <failure message="System.DmlException: Insert failed. First exception on row 0; first error: REQUIRED_FIELD_MISSING, Required fields are missing: [Membership_Id__c]: [Membership_Id__c]"><![CDATA[Class.CVMAExperienceBuilderIntegrationTest.setupCommunityTestData: line 31, column 1]]></failure>
        </testcase>
        <testcase name="testRelatedRecordAccess" classname="CVMAExperienceBuilderIntegrationTest" time="0.00">
            <failure message="System.DmlException: Insert failed. First exception on row 0; first error: REQUIRED_FIELD_MISSING, Required fields are missing: [Membership_Id__c]: [Membership_Id__c]"><![CDATA[Class.CVMAExperienceBuilderIntegrationTest.setupCommunityTestData: line 31, column 1]]></failure>
        </testcase>
        <testcase name="testServiceAppointmentAvailability" classname="CVMAExperienceBuilderIntegrationTest" time="0.00">
            <failure message="System.DmlException: Insert failed. First exception on row 0; first error: REQUIRED_FIELD_MISSING, Required fields are missing: [Membership_Id__c]: [Membership_Id__c]"><![CDATA[Class.CVMAExperienceBuilderIntegrationTest.setupCommunityTestData: line 31, column 1]]></failure>
        </testcase>
        <testcase name="testServiceAppointmentBookingFlow" classname="CVMAExperienceBuilderIntegrationTest" time="0.00">
            <failure message="System.DmlException: Insert failed. First exception on row 0; first error: REQUIRED_FIELD_MISSING, Required fields are missing: [Membership_Id__c]: [Membership_Id__c]"><![CDATA[Class.CVMAExperienceBuilderIntegrationTest.setupCommunityTestData: line 31, column 1]]></failure>
        </testcase>
        <testcase name="testBulkPaymentProcessing" classname="CVMAFinancialControllerTest" time="0.00">
            <failure message="System.DmlException: Insert failed. First exception on row 0; first error: REQUIRED_FIELD_MISSING, Required fields are missing: [Membership_Id__c]: [Membership_Id__c]"><![CDATA[Class.CVMAFinancialControllerTest.setupTestData: line 50, column 1]]></failure>
        </testcase>
        <testcase name="testGetFinancialSummary" classname="CVMAFinancialControllerTest" time="0.00">
            <failure message="System.DmlException: Insert failed. First exception on row 0; first error: REQUIRED_FIELD_MISSING, Required fields are missing: [Membership_Id__c]: [Membership_Id__c]"><![CDATA[Class.CVMAFinancialControllerTest.setupTestData: line 50, column 1]]></failure>
        </testcase>
        <testcase name="testGetFinancialSummaryDefaultDates" classname="CVMAFinancialControllerTest" time="0.00">
            <failure message="System.DmlException: Insert failed. First exception on row 0; first error: REQUIRED_FIELD_MISSING, Required fields are missing: [Membership_Id__c]: [Membership_Id__c]"><![CDATA[Class.CVMAFinancialControllerTest.setupTestData: line 50, column 1]]></failure>
        </testcase>
        <testcase name="testGetFinancialTransactions" classname="CVMAFinancialControllerTest" time="0.00">
            <failure message="System.DmlException: Insert failed. First exception on row 0; first error: REQUIRED_FIELD_MISSING, Required fields are missing: [Membership_Id__c]: [Membership_Id__c]"><![CDATA[Class.CVMAFinancialControllerTest.setupTestData: line 50, column 1]]></failure>
        </testcase>
        <testcase name="testGetFinancialTransactionsWithFilter" classname="CVMAFinancialControllerTest" time="0.00">
            <failure message="System.DmlException: Insert failed. First exception on row 0; first error: REQUIRED_FIELD_MISSING, Required fields are missing: [Membership_Id__c]: [Membership_Id__c]"><![CDATA[Class.CVMAFinancialControllerTest.setupTestData: line 50, column 1]]></failure>
        </testcase>
        <testcase name="testGetPaymentMethods" classname="CVMAFinancialControllerTest" time="0.00">
            <failure message="System.DmlException: Insert failed. First exception on row 0; first error: REQUIRED_FIELD_MISSING, Required fields are missing: [Membership_Id__c]: [Membership_Id__c]"><![CDATA[Class.CVMAFinancialControllerTest.setupTestData: line 50, column 1]]></failure>
        </testcase>
        <testcase name="testGetPaymentRecords" classname="CVMAFinancialControllerTest" time="0.00">
            <failure message="System.DmlException: Insert failed. First exception on row 0; first error: REQUIRED_FIELD_MISSING, Required fields are missing: [Membership_Id__c]: [Membership_Id__c]"><![CDATA[Class.CVMAFinancialControllerTest.setupTestData: line 50, column 1]]></failure>
        </testcase>
        <testcase name="testGetPaymentRecordsPagination" classname="CVMAFinancialControllerTest" time="0.00">
            <failure message="System.DmlException: Insert failed. First exception on row 0; first error: REQUIRED_FIELD_MISSING, Required fields are missing: [Membership_Id__c]: [Membership_Id__c]"><![CDATA[Class.CVMAFinancialControllerTest.setupTestData: line 50, column 1]]></failure>
        </testcase>
        <testcase name="testGetTransactionTypes" classname="CVMAFinancialControllerTest" time="0.00">
            <failure message="System.DmlException: Insert failed. First exception on row 0; first error: REQUIRED_FIELD_MISSING, Required fields are missing: [Membership_Id__c]: [Membership_Id__c]"><![CDATA[Class.CVMAFinancialControllerTest.setupTestData: line 50, column 1]]></failure>
        </testcase>
        <testcase name="testInvalidOpportunityId" classname="CVMAFinancialControllerTest" time="0.00">
            <failure message="System.DmlException: Insert failed. First exception on row 0; first error: REQUIRED_FIELD_MISSING, Required fields are missing: [Membership_Id__c]: [Membership_Id__c]"><![CDATA[Class.CVMAFinancialControllerTest.setupTestData: line 50, column 1]]></failure>
        </testcase>
        <testcase name="testLargeDatasetPerformance" classname="CVMAFinancialControllerTest" time="0.00">
            <failure message="System.DmlException: Insert failed. First exception on row 0; first error: REQUIRED_FIELD_MISSING, Required fields are missing: [Membership_Id__c]: [Membership_Id__c]"><![CDATA[Class.CVMAFinancialControllerTest.setupTestData: line 50, column 1]]></failure>
        </testcase>
        <testcase name="testPermissionValidation" classname="CVMAFinancialControllerTest" time="0.00">
            <failure message="System.DmlException: Insert failed. First exception on row 0; first error: REQUIRED_FIELD_MISSING, Required fields are missing: [Membership_Id__c]: [Membership_Id__c]"><![CDATA[Class.CVMAFinancialControllerTest.setupTestData: line 50, column 1]]></failure>
        </testcase>
        <testcase name="testProcessPaymentPartial" classname="CVMAFinancialControllerTest" time="0.00">
            <failure message="System.DmlException: Insert failed. First exception on row 0; first error: REQUIRED_FIELD_MISSING, Required fields are missing: [Membership_Id__c]: [Membership_Id__c]"><![CDATA[Class.CVMAFinancialControllerTest.setupTestData: line 50, column 1]]></failure>
        </testcase>
        <testcase name="testProcessPaymentSuccess" classname="CVMAFinancialControllerTest" time="0.00">
            <failure message="System.DmlException: Insert failed. First exception on row 0; first error: REQUIRED_FIELD_MISSING, Required fields are missing: [Membership_Id__c]: [Membership_Id__c]"><![CDATA[Class.CVMAFinancialControllerTest.setupTestData: line 50, column 1]]></failure>
        </testcase>
        <testcase name="testProcessPaymentValidation" classname="CVMAFinancialControllerTest" time="0.00">
            <failure message="System.DmlException: Insert failed. First exception on row 0; first error: REQUIRED_FIELD_MISSING, Required fields are missing: [Membership_Id__c]: [Membership_Id__c]"><![CDATA[Class.CVMAFinancialControllerTest.setupTestData: line 50, column 1]]></failure>
        </testcase>
        <testcase name="testAccountBuilder" classname="CVMATestDataFactoryTest" time="0.04">
        </testcase>
        <testcase name="testBasicTestDataSetup" classname="CVMATestDataFactoryTest" time="2.37">
            <failure message="System.DmlException: Insert failed. First exception on row 0; first error: DUPLICATES_DETECTED, Use one of these records?: []"><![CDATA[Class.CVMATestDataFactory.ContactBuilder.create: line 130, column 1
Class.CVMATestDataFactory.setupBasicTestData: line 515, column 1
Class.CVMATestDataFactoryTest.testBasicTestDataSetup: line 192, column 1]]></failure>
        </testcase>
        <testcase name="testBulkDataCreation" classname="CVMATestDataFactoryTest" time="0.01">
        </testcase>
        <testcase name="testContactBuilder" classname="CVMATestDataFactoryTest" time="0.01">
        </testcase>
        <testcase name="testContactWithMembershipStatuses" classname="CVMATestDataFactoryTest" time="0.01">
        </testcase>
        <testcase name="testCreateAndInsertMethods" classname="CVMATestDataFactoryTest" time="1.66">
            <failure message="System.DmlException: Insert failed. First exception on row 0; first error: FIELD_CUSTOM_VALIDATION_EXCEPTION, Failed to create Account for Contact Test2 Member2. Use one of these records?: []"><![CDATA[Class.CVMATestDataFactory.createAndInsertContacts: line 303, column 1
Class.CVMATestDataFactoryTest.testCreateAndInsertMethods: line 230, column 1]]></failure>
        </testcase>
        <testcase name="testDataUniqueness" classname="CVMATestDataFactoryTest" time="0.01">
        </testcase>
        <testcase name="testErrorLogCreation" classname="CVMATestDataFactoryTest" time="0.01">
        </testcase>
        <testcase name="testMembersWithVariousStatuses" classname="CVMATestDataFactoryTest" time="0.01">
        </testcase>
        <testcase name="testUserBuilder" classname="CVMATestDataFactoryTest" time="0.03">
        </testcase>
        <testcase name="testArchiveAnnouncementNonOfficer" classname="CVMAAnnouncementControllerTest" time="0.00">
            <failure message="System.DmlException: Insert failed. First exception on row 0; first error: INVALID_OR_NULL_FOR_RESTRICTED_PICKLIST, Level: bad value for restricted picklist field: Associate Member: [Level__c]"><![CDATA[Class.CVMATestDataFactory.ContactBuilder.create: line 130, column 1
Class.CVMAAnnouncementControllerTest.setupTestData: line 29, column 1]]></failure>
        </testcase>
        <testcase name="testArchiveAnnouncementSuccess" classname="CVMAAnnouncementControllerTest" time="0.00">
            <failure message="System.DmlException: Insert failed. First exception on row 0; first error: INVALID_OR_NULL_FOR_RESTRICTED_PICKLIST, Level: bad value for restricted picklist field: Associate Member: [Level__c]"><![CDATA[Class.CVMATestDataFactory.ContactBuilder.create: line 130, column 1
Class.CVMAAnnouncementControllerTest.setupTestData: line 29, column 1]]></failure>
        </testcase>
        <testcase name="testCreateAnnouncementNonOfficer" classname="CVMAAnnouncementControllerTest" time="0.00">
            <failure message="System.DmlException: Insert failed. First exception on row 0; first error: INVALID_OR_NULL_FOR_RESTRICTED_PICKLIST, Level: bad value for restricted picklist field: Associate Member: [Level__c]"><![CDATA[Class.CVMATestDataFactory.ContactBuilder.create: line 130, column 1
Class.CVMAAnnouncementControllerTest.setupTestData: line 29, column 1]]></failure>
        </testcase>
        <testcase name="testCreateAnnouncementSuccess" classname="CVMAAnnouncementControllerTest" time="0.00">
            <failure message="System.DmlException: Insert failed. First exception on row 0; first error: INVALID_OR_NULL_FOR_RESTRICTED_PICKLIST, Level: bad value for restricted picklist field: Associate Member: [Level__c]"><![CDATA[Class.CVMATestDataFactory.ContactBuilder.create: line 130, column 1
Class.CVMAAnnouncementControllerTest.setupTestData: line 29, column 1]]></failure>
        </testcase>
        <testcase name="testCreateAnnouncementValidation" classname="CVMAAnnouncementControllerTest" time="0.00">
            <failure message="System.DmlException: Insert failed. First exception on row 0; first error: INVALID_OR_NULL_FOR_RESTRICTED_PICKLIST, Level: bad value for restricted picklist field: Associate Member: [Level__c]"><![CDATA[Class.CVMATestDataFactory.ContactBuilder.create: line 130, column 1
Class.CVMAAnnouncementControllerTest.setupTestData: line 29, column 1]]></failure>
        </testcase>
        <testcase name="testDefaultParameterValues" classname="CVMAAnnouncementControllerTest" time="0.00">
            <failure message="System.DmlException: Insert failed. First exception on row 0; first error: INVALID_OR_NULL_FOR_RESTRICTED_PICKLIST, Level: bad value for restricted picklist field: Associate Member: [Level__c]"><![CDATA[Class.CVMATestDataFactory.ContactBuilder.create: line 130, column 1
Class.CVMAAnnouncementControllerTest.setupTestData: line 29, column 1]]></failure>
        </testcase>
        <testcase name="testEmailNotificationSending" classname="CVMAAnnouncementControllerTest" time="0.00">
            <failure message="System.DmlException: Insert failed. First exception on row 0; first error: INVALID_OR_NULL_FOR_RESTRICTED_PICKLIST, Level: bad value for restricted picklist field: Associate Member: [Level__c]"><![CDATA[Class.CVMATestDataFactory.ContactBuilder.create: line 130, column 1
Class.CVMAAnnouncementControllerTest.setupTestData: line 29, column 1]]></failure>
        </testcase>
        <testcase name="testEmergencyAnnouncement" classname="CVMAAnnouncementControllerTest" time="0.00">
            <failure message="System.DmlException: Insert failed. First exception on row 0; first error: INVALID_OR_NULL_FOR_RESTRICTED_PICKLIST, Level: bad value for restricted picklist field: Associate Member: [Level__c]"><![CDATA[Class.CVMATestDataFactory.ContactBuilder.create: line 130, column 1
Class.CVMAAnnouncementControllerTest.setupTestData: line 29, column 1]]></failure>
        </testcase>
        <testcase name="testGetAnnouncementsDraft" classname="CVMAAnnouncementControllerTest" time="0.00">
            <failure message="System.DmlException: Insert failed. First exception on row 0; first error: INVALID_OR_NULL_FOR_RESTRICTED_PICKLIST, Level: bad value for restricted picklist field: Associate Member: [Level__c]"><![CDATA[Class.CVMATestDataFactory.ContactBuilder.create: line 130, column 1
Class.CVMAAnnouncementControllerTest.setupTestData: line 29, column 1]]></failure>
        </testcase>
        <testcase name="testGetAnnouncementsDraftNonOfficer" classname="CVMAAnnouncementControllerTest" time="0.00">
            <failure message="System.DmlException: Insert failed. First exception on row 0; first error: INVALID_OR_NULL_FOR_RESTRICTED_PICKLIST, Level: bad value for restricted picklist field: Associate Member: [Level__c]"><![CDATA[Class.CVMATestDataFactory.ContactBuilder.create: line 130, column 1
Class.CVMAAnnouncementControllerTest.setupTestData: line 29, column 1]]></failure>
        </testcase>
        <testcase name="testGetAnnouncementsPublished" classname="CVMAAnnouncementControllerTest" time="0.00">
            <failure message="System.DmlException: Insert failed. First exception on row 0; first error: INVALID_OR_NULL_FOR_RESTRICTED_PICKLIST, Level: bad value for restricted picklist field: Associate Member: [Level__c]"><![CDATA[Class.CVMATestDataFactory.ContactBuilder.create: line 130, column 1
Class.CVMAAnnouncementControllerTest.setupTestData: line 29, column 1]]></failure>
        </testcase>
        <testcase name="testGetCategoryOptions" classname="CVMAAnnouncementControllerTest" time="0.00">
            <failure message="System.DmlException: Insert failed. First exception on row 0; first error: INVALID_OR_NULL_FOR_RESTRICTED_PICKLIST, Level: bad value for restricted picklist field: Associate Member: [Level__c]"><![CDATA[Class.CVMATestDataFactory.ContactBuilder.create: line 130, column 1
Class.CVMAAnnouncementControllerTest.setupTestData: line 29, column 1]]></failure>
        </testcase>
        <testcase name="testGetPriorityOptions" classname="CVMAAnnouncementControllerTest" time="0.00">
            <failure message="System.DmlException: Insert failed. First exception on row 0; first error: INVALID_OR_NULL_FOR_RESTRICTED_PICKLIST, Level: bad value for restricted picklist field: Associate Member: [Level__c]"><![CDATA[Class.CVMATestDataFactory.ContactBuilder.create: line 130, column 1
Class.CVMAAnnouncementControllerTest.setupTestData: line 29, column 1]]></failure>
        </testcase>
        <testcase name="testGetTargetAudienceOptions" classname="CVMAAnnouncementControllerTest" time="0.00">
            <failure message="System.DmlException: Insert failed. First exception on row 0; first error: INVALID_OR_NULL_FOR_RESTRICTED_PICKLIST, Level: bad value for restricted picklist field: Associate Member: [Level__c]"><![CDATA[Class.CVMATestDataFactory.ContactBuilder.create: line 130, column 1
Class.CVMAAnnouncementControllerTest.setupTestData: line 29, column 1]]></failure>
        </testcase>
        <testcase name="testIncrementViewCount" classname="CVMAAnnouncementControllerTest" time="0.00">
            <failure message="System.DmlException: Insert failed. First exception on row 0; first error: INVALID_OR_NULL_FOR_RESTRICTED_PICKLIST, Level: bad value for restricted picklist field: Associate Member: [Level__c]"><![CDATA[Class.CVMATestDataFactory.ContactBuilder.create: line 130, column 1
Class.CVMAAnnouncementControllerTest.setupTestData: line 29, column 1]]></failure>
        </testcase>
        <testcase name="testPaginationAndFiltering" classname="CVMAAnnouncementControllerTest" time="0.00">
            <failure message="System.DmlException: Insert failed. First exception on row 0; first error: INVALID_OR_NULL_FOR_RESTRICTED_PICKLIST, Level: bad value for restricted picklist field: Associate Member: [Level__c]"><![CDATA[Class.CVMATestDataFactory.ContactBuilder.create: line 130, column 1
Class.CVMAAnnouncementControllerTest.setupTestData: line 29, column 1]]></failure>
        </testcase>
        <testcase name="testUpdateAnnouncementNotFound" classname="CVMAAnnouncementControllerTest" time="0.00">
            <failure message="System.DmlException: Insert failed. First exception on row 0; first error: INVALID_OR_NULL_FOR_RESTRICTED_PICKLIST, Level: bad value for restricted picklist field: Associate Member: [Level__c]"><![CDATA[Class.CVMATestDataFactory.ContactBuilder.create: line 130, column 1
Class.CVMAAnnouncementControllerTest.setupTestData: line 29, column 1]]></failure>
        </testcase>
        <testcase name="testUpdateAnnouncementSuccess" classname="CVMAAnnouncementControllerTest" time="0.00">
            <failure message="System.DmlException: Insert failed. First exception on row 0; first error: INVALID_OR_NULL_FOR_RESTRICTED_PICKLIST, Level: bad value for restricted picklist field: Associate Member: [Level__c]"><![CDATA[Class.CVMATestDataFactory.ContactBuilder.create: line 130, column 1
Class.CVMAAnnouncementControllerTest.setupTestData: line 29, column 1]]></failure>
        </testcase>
    </testsuite>
</testsuites>
